{"C:\\Users\\mtiro\\blchain project\\app\\components\\Sidebar.tsx": {"path":"C:\\Users\\mtiro\\blchain project\\app\\components\\Sidebar.tsx","statementMap":{"0":{"start":{"line":8,"column":19},"end":{"line":11,"column":null}},"1":{"start":{"line":12,"column":23},"end":{"line":15,"column":null}},"2":{"start":{"line":16,"column":21},"end":{"line":18,"column":null}},"3":{"start":{"line":21,"column":2},"end":{"line":25,"column":null}},"4":{"start":{"line":29,"column":2},"end":{"line":33,"column":null}},"5":{"start":{"line":37,"column":2},"end":{"line":41,"column":null}},"6":{"start":{"line":45,"column":2},"end":{"line":49,"column":null}},"7":{"start":{"line":54,"column":8},"end":{"line":54,"column":null}},"8":{"start":{"line":56,"column":4},"end":{"line":56,"column":null}},"9":{"start":{"line":58,"column":2},"end":{"line":140,"column":null}},"10":{"start":{"line":81,"column":25},"end":{"line":81,"column":null}},"11":{"start":{"line":82,"column":10},"end":{"line":94,"column":null}}},"fnMap":{"0":{"name":"HomeIcon","decl":{"start":{"line":20,"column":9},"end":{"line":20,"column":20}},"loc":{"start":{"line":20,"column":20},"end":{"line":27,"column":null}},"line":20},"1":{"name":"UsersIcon","decl":{"start":{"line":28,"column":9},"end":{"line":28,"column":21}},"loc":{"start":{"line":28,"column":21},"end":{"line":35,"column":null}},"line":28},"2":{"name":"UploadIcon","decl":{"start":{"line":36,"column":9},"end":{"line":36,"column":22}},"loc":{"start":{"line":36,"column":22},"end":{"line":43,"column":null}},"line":36},"3":{"name":"VerifyIcon","decl":{"start":{"line":44,"column":9},"end":{"line":44,"column":22}},"loc":{"start":{"line":44,"column":22},"end":{"line":51,"column":null}},"line":44},"4":{"name":"Sidebar","decl":{"start":{"line":53,"column":16},"end":{"line":53,"column":24}},"loc":{"start":{"line":53,"column":58},"end":{"line":142,"column":null}},"line":53},"5":{"name":"(anonymous_5)","decl":{"start":{"line":80,"column":15},"end":{"line":80,"column":20}},"loc":{"start":{"line":80,"column":52},"end":{"line":96,"column":9}},"line":80}},"branchMap":{"0":{"loc":{"start":{"line":56,"column":4},"end":{"line":56,"column":null}},"type":"cond-expr","locations":[{"start":{"line":56,"column":23},"end":{"line":56,"column":36}},{"start":{"line":56,"column":36},"end":{"line":56,"column":null}}],"line":56},"1":{"loc":{"start":{"line":56,"column":36},"end":{"line":56,"column":null}},"type":"cond-expr","locations":[{"start":{"line":56,"column":59},"end":{"line":56,"column":76}},{"start":{"line":56,"column":76},"end":{"line":56,"column":null}}],"line":56},"2":{"loc":{"start":{"line":87,"column":16},"end":{"line":89,"column":null}},"type":"cond-expr","locations":[{"start":{"line":88,"column":20},"end":{"line":88,"column":null}},{"start":{"line":89,"column":20},"end":{"line":89,"column":null}}],"line":87},"3":{"loc":{"start":{"line":105,"column":14},"end":{"line":107,"column":null}},"type":"cond-expr","locations":[{"start":{"line":106,"column":18},"end":{"line":106,"column":null}},{"start":{"line":107,"column":18},"end":{"line":107,"column":null}}],"line":105}},"s":{"0":0,"1":0,"2":0,"3":0,"4":0,"5":0,"6":0,"7":0,"8":0,"9":0,"10":0,"11":0},"f":{"0":0,"1":0,"2":0,"3":0,"4":0,"5":0},"b":{"0":[0,0],"1":[0,0],"2":[0,0],"3":[0,0]},"meta":{"lastBranch":4,"lastFunction":6,"lastStatement":12,"seen":{"s:8:19:11:Infinity":0,"s:12:23:15:Infinity":1,"s:16:21:18:Infinity":2,"f:20:9:20:20":0,"s:21:2:25:Infinity":3,"f:28:9:28:21":1,"s:29:2:33:Infinity":4,"f:36:9:36:22":2,"s:37:2:41:Infinity":5,"f:44:9:44:22":3,"s:45:2:49:Infinity":6,"f:53:16:53:24":4,"s:54:8:54:Infinity":7,"s:56:4:56:Infinity":8,"b:56:23:56:36:56:36:56:Infinity":0,"b:56:59:56:76:56:76:56:Infinity":1,"s:58:2:140:Infinity":9,"f:80:15:80:20":5,"s:81:25:81:Infinity":10,"s:82:10:94:Infinity":11,"b:88:20:88:Infinity:89:20:89:Infinity":2,"b:106:18:106:Infinity:107:18:107:Infinity":3}}}
,"C:\\Users\\mtiro\\blchain project\\app\\components\\StatsCard.tsx": {"path":"C:\\Users\\mtiro\\blchain project\\app\\components\\StatsCard.tsx","statementMap":{"0":{"start":{"line":9,"column":18},"end":{"line":15,"column":null}},"1":{"start":{"line":18,"column":2},"end":{"line":28,"column":null}}},"fnMap":{"0":{"name":"StatsCard","decl":{"start":{"line":17,"column":16},"end":{"line":17,"column":26}},"loc":{"start":{"line":17,"column":95},"end":{"line":30,"column":null}},"line":17}},"branchMap":{"0":{"loc":{"start":{"line":17,"column":52},"end":{"line":17,"column":71}},"type":"default-arg","locations":[{"start":{"line":17,"column":61},"end":{"line":17,"column":71}}],"line":17},"1":{"loc":{"start":{"line":26,"column":9},"end":{"line":26,"column":null}},"type":"binary-expr","locations":[{"start":{"line":26,"column":9},"end":{"line":26,"column":21}},{"start":{"line":26,"column":21},"end":{"line":26,"column":null}}],"line":26}},"s":{"0":1,"1":13},"f":{"0":13},"b":{"0":[13],"1":[13,1]},"meta":{"lastBranch":2,"lastFunction":1,"lastStatement":2,"seen":{"s:9:18:15:Infinity":0,"f:17:16:17:26":0,"b:17:61:17:71":0,"s:18:2:28:Infinity":1,"b:26:9:26:21:26:21:26:Infinity":1}}}
,"C:\\Users\\mtiro\\blchain project\\app\\routes\\_index.tsx": {"path":"C:\\Users\\mtiro\\blchain project\\app\\routes\\_index.tsx","statementMap":{"0":{"start":{"line":6,"column":18},"end":{"line":6,"column":null}},"1":{"start":{"line":7,"column":17},"end":{"line":7,"column":null}},"2":{"start":{"line":9,"column":2},"end":{"line":9,"column":null}},"3":{"start":{"line":9,"column":15},"end":{"line":9,"column":null}},"4":{"start":{"line":11,"column":15},"end":{"line":11,"column":null}},"5":{"start":{"line":12,"column":2},"end":{"line":12,"column":null}},"6":{"start":{"line":12,"column":13},"end":{"line":12,"column":null}},"7":{"start":{"line":14,"column":21},"end":{"line":14,"column":null}},"8":{"start":{"line":15,"column":2},"end":{"line":15,"column":null}},"9":{"start":{"line":19,"column":2},"end":{"line":19,"column":null}}},"fnMap":{"0":{"name":"loader","decl":{"start":{"line":5,"column":22},"end":{"line":5,"column":29}},"loc":{"start":{"line":5,"column":62},"end":{"line":16,"column":null}},"line":5},"1":{"name":"Index","decl":{"start":{"line":18,"column":24},"end":{"line":18,"column":32}},"loc":{"start":{"line":18,"column":32},"end":{"line":20,"column":null}},"line":18}},"branchMap":{"0":{"loc":{"start":{"line":9,"column":2},"end":{"line":9,"column":null}},"type":"if","locations":[{"start":{"line":9,"column":2},"end":{"line":9,"column":null}},{"start":{},"end":{}}],"line":9},"1":{"loc":{"start":{"line":12,"column":2},"end":{"line":12,"column":null}},"type":"if","locations":[{"start":{"line":12,"column":2},"end":{"line":12,"column":null}},{"start":{},"end":{}}],"line":12},"2":{"loc":{"start":{"line":15,"column":18},"end":{"line":15,"column":51}},"type":"binary-expr","locations":[{"start":{"line":15,"column":18},"end":{"line":15,"column":43}},{"start":{"line":15,"column":43},"end":{"line":15,"column":51}}],"line":15}},"s":{"0":0,"1":0,"2":0,"3":0,"4":0,"5":0,"6":0,"7":0,"8":0,"9":0},"f":{"0":0,"1":0},"b":{"0":[0,0],"1":[0,0],"2":[0,0]},"meta":{"lastBranch":3,"lastFunction":2,"lastStatement":10,"seen":{"f:5:22:5:29":0,"s:6:18:6:Infinity":0,"s:7:17:7:Infinity":1,"b:9:2:9:Infinity:undefined:undefined:undefined:undefined":0,"s:9:2:9:Infinity":2,"s:9:15:9:Infinity":3,"s:11:15:11:Infinity":4,"b:12:2:12:Infinity:undefined:undefined:undefined:undefined":1,"s:12:2:12:Infinity":5,"s:12:13:12:Infinity":6,"s:14:21:14:Infinity":7,"s:15:2:15:Infinity":8,"b:15:18:15:43:15:43:15:51":2,"f:18:24:18:32":1,"s:19:2:19:Infinity":9}}}
,"C:\\Users\\mtiro\\blchain project\\app\\routes\\admin._index.tsx": {"path":"C:\\Users\\mtiro\\blchain project\\app\\routes\\admin._index.tsx","statementMap":{"0":{"start":{"line":8,"column":2},"end":{"line":8,"column":null}},"1":{"start":{"line":11,"column":4},"end":{"line":21,"column":null}},"2":{"start":{"line":23,"column":2},"end":{"line":23,"column":null}},"3":{"start":{"line":27,"column":77},"end":{"line":28,"column":null}},"4":{"start":{"line":30,"column":2},"end":{"line":128,"column":null}},"5":{"start":{"line":87,"column":20},"end":{"line":89,"column":null}},"6":{"start":{"line":103,"column":16},"end":{"line":122,"column":null}},"7":{"start":{"line":133,"column":38},"end":{"line":137,"column":null}},"8":{"start":{"line":138,"column":14},"end":{"line":138,"column":null}},"9":{"start":{"line":140,"column":41},"end":{"line":145,"column":null}},"10":{"start":{"line":146,"column":2},"end":{"line":146,"column":null}},"11":{"start":{"line":150,"column":2},"end":{"line":150,"column":null}},"12":{"start":{"line":153,"column":2},"end":{"line":153,"column":null}},"13":{"start":{"line":156,"column":2},"end":{"line":156,"column":null}},"14":{"start":{"line":159,"column":2},"end":{"line":159,"column":null}},"15":{"start":{"line":162,"column":2},"end":{"line":162,"column":null}}},"fnMap":{"0":{"name":"loader","decl":{"start":{"line":7,"column":22},"end":{"line":7,"column":29}},"loc":{"start":{"line":7,"column":62},"end":{"line":24,"column":null}},"line":7},"1":{"name":"AdminDashboard","decl":{"start":{"line":26,"column":24},"end":{"line":26,"column":41}},"loc":{"start":{"line":26,"column":41},"end":{"line":130,"column":null}},"line":26},"2":{"name":"(anonymous_2)","decl":{"start":{"line":85,"column":88},"end":{"line":85,"column":null}},"loc":{"start":{"line":87,"column":20},"end":{"line":89,"column":null}},"line":87},"3":{"name":"(anonymous_3)","decl":{"start":{"line":102,"column":26},"end":{"line":102,"column":31}},"loc":{"start":{"line":103,"column":16},"end":{"line":122,"column":null}},"line":103},"4":{"name":"DocTypeBadge","decl":{"start":{"line":132,"column":9},"end":{"line":132,"column":22}},"loc":{"start":{"line":132,"column":50},"end":{"line":147,"column":null}},"line":132},"5":{"name":"UsersIcon","decl":{"start":{"line":149,"column":9},"end":{"line":149,"column":21}},"loc":{"start":{"line":149,"column":21},"end":{"line":151,"column":null}},"line":149},"6":{"name":"ProfIcon","decl":{"start":{"line":152,"column":9},"end":{"line":152,"column":20}},"loc":{"start":{"line":152,"column":20},"end":{"line":154,"column":null}},"line":152},"7":{"name":"DocIcon","decl":{"start":{"line":155,"column":9},"end":{"line":155,"column":19}},"loc":{"start":{"line":155,"column":19},"end":{"line":157,"column":null}},"line":155},"8":{"name":"CertIcon","decl":{"start":{"line":158,"column":9},"end":{"line":158,"column":20}},"loc":{"start":{"line":158,"column":20},"end":{"line":160,"column":null}},"line":158},"9":{"name":"ShieldIcon","decl":{"start":{"line":161,"column":9},"end":{"line":161,"column":22}},"loc":{"start":{"line":161,"column":22},"end":{"line":163,"column":null}},"line":161}},"branchMap":{"0":{"loc":{"start":{"line":95,"column":15},"end":{"line":102,"column":26}},"type":"binary-expr","locations":[{"start":{"line":95,"column":15},"end":{"line":95,"column":null}},{"start":{"line":96,"column":16},"end":{"line":102,"column":26}}],"line":95},"1":{"loc":{"start":{"line":116,"column":21},"end":{"line":119,"column":null}},"type":"cond-expr","locations":[{"start":{"line":117,"column":22},"end":{"line":119,"column":23}},{"start":{"line":119,"column":22},"end":{"line":119,"column":null}}],"line":116},"2":{"loc":{"start":{"line":138,"column":14},"end":{"line":138,"column":null}},"type":"binary-expr","locations":[{"start":{"line":138,"column":14},"end":{"line":138,"column":27}},{"start":{"line":138,"column":27},"end":{"line":138,"column":null}}],"line":138}},"s":{"0":0,"1":0,"2":0,"3":0,"4":0,"5":0,"6":0,"7":0,"8":0,"9":0,"10":0,"11":0,"12":0,"13":0,"14":0,"15":0},"f":{"0":0,"1":0,"2":0,"3":0,"4":0,"5":0,"6":0,"7":0,"8":0,"9":0},"b":{"0":[0,0],"1":[0,0],"2":[0,0]},"meta":{"lastBranch":3,"lastFunction":10,"lastStatement":16,"seen":{"f:7:22:7:29":0,"s:8:2:8:Infinity":0,"s:11:4:21:Infinity":1,"s:23:2:23:Infinity":2,"f:26:24:26:41":1,"s:27:77:28:Infinity":3,"s:30:2:128:Infinity":4,"f:85:88:85:Infinity":2,"s:87:20:89:Infinity":5,"b:95:15:95:Infinity:96:16:102:26":0,"f:102:26:102:31":3,"s:103:16:122:Infinity":6,"b:117:22:119:23:119:22:119:Infinity":1,"f:132:9:132:22":4,"s:133:38:137:Infinity":7,"s:138:14:138:Infinity":8,"b:138:14:138:27:138:27:138:Infinity":2,"s:140:41:145:Infinity":9,"s:146:2:146:Infinity":10,"f:149:9:149:21":5,"s:150:2:150:Infinity":11,"f:152:9:152:20":6,"s:153:2:153:Infinity":12,"f:155:9:155:19":7,"s:156:2:156:Infinity":13,"f:158:9:158:20":8,"s:159:2:159:Infinity":14,"f:161:9:161:22":9,"s:162:2:162:Infinity":15}}}
,"C:\\Users\\mtiro\\blchain project\\app\\routes\\admin.tsx": {"path":"C:\\Users\\mtiro\\blchain project\\app\\routes\\admin.tsx","statementMap":{"0":{"start":{"line":7,"column":15},"end":{"line":7,"column":null}},"1":{"start":{"line":8,"column":2},"end":{"line":8,"column":null}},"2":{"start":{"line":12,"column":10},"end":{"line":12,"column":null}},"3":{"start":{"line":13,"column":2},"end":{"line":19,"column":null}}},"fnMap":{"0":{"name":"loader","decl":{"start":{"line":6,"column":22},"end":{"line":6,"column":29}},"loc":{"start":{"line":6,"column":62},"end":{"line":9,"column":null}},"line":6},"1":{"name":"AdminLayout","decl":{"start":{"line":11,"column":24},"end":{"line":11,"column":38}},"loc":{"start":{"line":11,"column":38},"end":{"line":21,"column":null}},"line":11}},"branchMap":{},"s":{"0":0,"1":0,"2":0,"3":0},"f":{"0":0,"1":0},"b":{},"meta":{"lastBranch":0,"lastFunction":2,"lastStatement":4,"seen":{"f:6:22:6:29":0,"s:7:15:7:Infinity":0,"s:8:2:8:Infinity":1,"f:11:24:11:38":1,"s:12:10:12:Infinity":2,"s:13:2:19:Infinity":3}}}
,"C:\\Users\\mtiro\\blchain project\\app\\routes\\admin.users.tsx": {"path":"C:\\Users\\mtiro\\blchain project\\app\\routes\\admin.users.tsx","statementMap":{"0":{"start":{"line":12,"column":2},"end":{"line":12,"column":null}},"1":{"start":{"line":13,"column":16},"end":{"line":13,"column":null}},"2":{"start":{"line":14,"column":2},"end":{"line":14,"column":null}},"3":{"start":{"line":18,"column":2},"end":{"line":18,"column":null}},"4":{"start":{"line":19,"column":19},"end":{"line":19,"column":null}},"5":{"start":{"line":20,"column":19},"end":{"line":20,"column":null}},"6":{"start":{"line":22,"column":2},"end":{"line":41,"column":null}},"7":{"start":{"line":23,"column":22},"end":{"line":23,"column":null}},"8":{"start":{"line":24,"column":22},"end":{"line":24,"column":null}},"9":{"start":{"line":25,"column":22},"end":{"line":25,"column":null}},"10":{"start":{"line":26,"column":22},"end":{"line":26,"column":null}},"11":{"start":{"line":27,"column":22},"end":{"line":27,"column":null}},"12":{"start":{"line":29,"column":4},"end":{"line":31,"column":null}},"13":{"start":{"line":30,"column":6},"end":{"line":30,"column":null}},"14":{"start":{"line":33,"column":21},"end":{"line":33,"column":null}},"15":{"start":{"line":34,"column":4},"end":{"line":34,"column":null}},"16":{"start":{"line":34,"column":18},"end":{"line":34,"column":null}},"17":{"start":{"line":36,"column":19},"end":{"line":36,"column":null}},"18":{"start":{"line":37,"column":4},"end":{"line":39,"column":null}},"19":{"start":{"line":40,"column":4},"end":{"line":40,"column":null}},"20":{"start":{"line":43,"column":2},"end":{"line":47,"column":null}},"21":{"start":{"line":44,"column":15},"end":{"line":44,"column":null}},"22":{"start":{"line":45,"column":4},"end":{"line":45,"column":null}},"23":{"start":{"line":45,"column":56},"end":{"line":45,"column":60}},"24":{"start":{"line":46,"column":4},"end":{"line":46,"column":null}},"25":{"start":{"line":49,"column":2},"end":{"line":49,"column":null}},"26":{"start":{"line":53,"column":10},"end":{"line":53,"column":null}},"27":{"start":{"line":54,"column":8},"end":{"line":54,"column":null}},"28":{"start":{"line":55,"column":8},"end":{"line":55,"column":null}},"29":{"start":{"line":56,"column":23},"end":{"line":56,"column":null}},"30":{"start":{"line":58,"column":2},"end":{"line":161,"column":null}},"31":{"start":{"line":123,"column":20},"end":{"line":125,"column":null}},"32":{"start":{"line":131,"column":18},"end":{"line":154,"column":null}},"33":{"start":{"line":145,"column":61},"end":{"line":145,"column":null}},"34":{"start":{"line":166,"column":38},"end":{"line":170,"column":null}},"35":{"start":{"line":171,"column":2},"end":{"line":174,"column":null}}},"fnMap":{"0":{"name":"loader","decl":{"start":{"line":11,"column":22},"end":{"line":11,"column":29}},"loc":{"start":{"line":11,"column":62},"end":{"line":15,"column":null}},"line":11},"1":{"name":"action","decl":{"start":{"line":17,"column":22},"end":{"line":17,"column":29}},"loc":{"start":{"line":17,"column":62},"end":{"line":50,"column":null}},"line":17},"2":{"name":"(anonymous_2)","decl":{"start":{"line":45,"column":44},"end":{"line":45,"column":56}},"loc":{"start":{"line":45,"column":56},"end":{"line":45,"column":60}},"line":45},"3":{"name":"AdminUsers","decl":{"start":{"line":52,"column":24},"end":{"line":52,"column":37}},"loc":{"start":{"line":52,"column":37},"end":{"line":163,"column":null}},"line":52},"4":{"name":"(anonymous_4)","decl":{"start":{"line":122,"column":79},"end":{"line":122,"column":84}},"loc":{"start":{"line":123,"column":20},"end":{"line":125,"column":null}},"line":123},"5":{"name":"(anonymous_5)","decl":{"start":{"line":130,"column":23},"end":{"line":130,"column":28}},"loc":{"start":{"line":131,"column":18},"end":{"line":154,"column":null}},"line":131},"6":{"name":"(anonymous_6)","decl":{"start":{"line":145,"column":44},"end":{"line":145,"column":55}},"loc":{"start":{"line":145,"column":61},"end":{"line":145,"column":null}},"line":145},"7":{"name":"RoleBadge","decl":{"start":{"line":165,"column":9},"end":{"line":165,"column":19}},"loc":{"start":{"line":165,"column":47},"end":{"line":176,"column":null}},"line":165}},"branchMap":{"0":{"loc":{"start":{"line":20,"column":26},"end":{"line":20,"column":54}},"type":"binary-expr","locations":[{"start":{"line":20,"column":26},"end":{"line":20,"column":52}},{"start":{"line":20,"column":52},"end":{"line":20,"column":54}}],"line":20},"1":{"loc":{"start":{"line":22,"column":2},"end":{"line":41,"column":null}},"type":"if","locations":[{"start":{"line":22,"column":2},"end":{"line":41,"column":null}},{"start":{},"end":{}}],"line":22},"2":{"loc":{"start":{"line":23,"column":29},"end":{"line":23,"column":55}},"type":"binary-expr","locations":[{"start":{"line":23,"column":29},"end":{"line":23,"column":53}},{"start":{"line":23,"column":53},"end":{"line":23,"column":55}}],"line":23},"3":{"loc":{"start":{"line":24,"column":29},"end":{"line":24,"column":56}},"type":"binary-expr","locations":[{"start":{"line":24,"column":29},"end":{"line":24,"column":54}},{"start":{"line":24,"column":54},"end":{"line":24,"column":56}}],"line":24},"4":{"loc":{"start":{"line":25,"column":29},"end":{"line":25,"column":59}},"type":"binary-expr","locations":[{"start":{"line":25,"column":29},"end":{"line":25,"column":57}},{"start":{"line":25,"column":57},"end":{"line":25,"column":59}}],"line":25},"5":{"loc":{"start":{"line":26,"column":29},"end":{"line":26,"column":62}},"type":"binary-expr","locations":[{"start":{"line":26,"column":29},"end":{"line":26,"column":53}},{"start":{"line":26,"column":53},"end":{"line":26,"column":62}}],"line":26},"6":{"loc":{"start":{"line":27,"column":22},"end":{"line":27,"column":null}},"type":"binary-expr","locations":[{"start":{"line":27,"column":22},"end":{"line":27,"column":72}},{"start":{"line":27,"column":72},"end":{"line":27,"column":null}}],"line":27},"7":{"loc":{"start":{"line":27,"column":29},"end":{"line":27,"column":60}},"type":"binary-expr","locations":[{"start":{"line":27,"column":29},"end":{"line":27,"column":58}},{"start":{"line":27,"column":58},"end":{"line":27,"column":60}}],"line":27},"8":{"loc":{"start":{"line":29,"column":4},"end":{"line":31,"column":null}},"type":"if","locations":[{"start":{"line":29,"column":4},"end":{"line":31,"column":null}},{"start":{},"end":{}}],"line":29},"9":{"loc":{"start":{"line":29,"column":8},"end":{"line":29,"column":38}},"type":"binary-expr","locations":[{"start":{"line":29,"column":8},"end":{"line":29,"column":17}},{"start":{"line":29,"column":17},"end":{"line":29,"column":27}},{"start":{"line":29,"column":27},"end":{"line":29,"column":38}}],"line":29},"10":{"loc":{"start":{"line":34,"column":4},"end":{"line":34,"column":null}},"type":"if","locations":[{"start":{"line":34,"column":4},"end":{"line":34,"column":null}},{"start":{},"end":{}}],"line":34},"11":{"loc":{"start":{"line":38,"column":62},"end":{"line":38,"column":85}},"type":"binary-expr","locations":[{"start":{"line":38,"column":62},"end":{"line":38,"column":75}},{"start":{"line":38,"column":75},"end":{"line":38,"column":85}}],"line":38},"12":{"loc":{"start":{"line":43,"column":2},"end":{"line":47,"column":null}},"type":"if","locations":[{"start":{"line":43,"column":2},"end":{"line":47,"column":null}},{"start":{},"end":{}}],"line":43},"13":{"loc":{"start":{"line":44,"column":22},"end":{"line":44,"column":46}},"type":"binary-expr","locations":[{"start":{"line":44,"column":22},"end":{"line":44,"column":44}},{"start":{"line":44,"column":44},"end":{"line":44,"column":46}}],"line":44},"14":{"loc":{"start":{"line":66,"column":7},"end":{"line":69,"column":null}},"type":"binary-expr","locations":[{"start":{"line":66,"column":7},"end":{"line":66,"column":21}},{"start":{"line":66,"column":21},"end":{"line":66,"column":null}},{"start":{"line":67,"column":8},"end":{"line":69,"column":null}}],"line":66},"15":{"loc":{"start":{"line":71,"column":7},"end":{"line":74,"column":null}},"type":"binary-expr","locations":[{"start":{"line":71,"column":7},"end":{"line":71,"column":21}},{"start":{"line":71,"column":21},"end":{"line":71,"column":null}},{"start":{"line":72,"column":8},"end":{"line":74,"column":null}}],"line":71},"16":{"loc":{"start":{"line":108,"column":15},"end":{"line":108,"column":null}},"type":"cond-expr","locations":[{"start":{"line":108,"column":28},"end":{"line":108,"column":42}},{"start":{"line":108,"column":42},"end":{"line":108,"column":null}}],"line":108},"17":{"loc":{"start":{"line":138,"column":23},"end":{"line":138,"column":null}},"type":"binary-expr","locations":[{"start":{"line":138,"column":23},"end":{"line":138,"column":38}},{"start":{"line":138,"column":38},"end":{"line":138,"column":null}}],"line":138},"18":{"loc":{"start":{"line":144,"column":23},"end":{"line":151,"column":null}},"type":"binary-expr","locations":[{"start":{"line":144,"column":23},"end":{"line":144,"column":null}},{"start":{"line":145,"column":24},"end":{"line":151,"column":null}}],"line":144},"19":{"loc":{"start":{"line":145,"column":61},"end":{"line":145,"column":null}},"type":"binary-expr","locations":[{"start":{"line":145,"column":61},"end":{"line":145,"column":94}},{"start":{"line":145,"column":94},"end":{"line":145,"column":null}}],"line":145},"20":{"loc":{"start":{"line":172,"column":81},"end":{"line":172,"column":null}},"type":"binary-expr","locations":[{"start":{"line":172,"column":81},"end":{"line":172,"column":94}},{"start":{"line":172,"column":94},"end":{"line":172,"column":null}}],"line":172}},"s":{"0":3,"1":1,"2":1,"3":8,"4":8,"5":8,"6":8,"7":6,"8":6,"9":6,"10":6,"11":6,"12":6,"13":3,"14":3,"15":3,"16":1,"17":2,"18":2,"19":2,"20":2,"21":1,"22":1,"23":0,"24":1,"25":1,"26":0,"27":0,"28":0,"29":0,"30":0,"31":0,"32":0,"33":0,"34":0,"35":0},"f":{"0":3,"1":8,"2":0,"3":0,"4":0,"5":0,"6":0,"7":0},"b":{"0":[8,0],"1":[6,2],"2":[6,0],"3":[6,0],"4":[6,0],"5":[6,0],"6":[6,4],"7":[6,0],"8":[3,3],"9":[6,5,4],"10":[1,2],"11":[2,1],"12":[1,1],"13":[1,0],"14":[0,0,0],"15":[0,0,0],"16":[0,0],"17":[0,0],"18":[0,0],"19":[0,0],"20":[0,0]},"meta":{"lastBranch":21,"lastFunction":8,"lastStatement":36,"seen":{"f:11:22:11:29":0,"s:12:2:12:Infinity":0,"s:13:16:13:Infinity":1,"s:14:2:14:Infinity":2,"f:17:22:17:29":1,"s:18:2:18:Infinity":3,"s:19:19:19:Infinity":4,"s:20:19:20:Infinity":5,"b:20:26:20:52:20:52:20:54":0,"b:22:2:41:Infinity:undefined:undefined:undefined:undefined":1,"s:22:2:41:Infinity":6,"s:23:22:23:Infinity":7,"b:23:29:23:53:23:53:23:55":2,"s:24:22:24:Infinity":8,"b:24:29:24:54:24:54:24:56":3,"s:25:22:25:Infinity":9,"b:25:29:25:57:25:57:25:59":4,"s:26:22:26:Infinity":10,"b:26:29:26:53:26:53:26:62":5,"s:27:22:27:Infinity":11,"b:27:22:27:72:27:72:27:Infinity":6,"b:27:29:27:58:27:58:27:60":7,"b:29:4:31:Infinity:undefined:undefined:undefined:undefined":8,"s:29:4:31:Infinity":12,"b:29:8:29:17:29:17:29:27:29:27:29:38":9,"s:30:6:30:Infinity":13,"s:33:21:33:Infinity":14,"b:34:4:34:Infinity:undefined:undefined:undefined:undefined":10,"s:34:4:34:Infinity":15,"s:34:18:34:Infinity":16,"s:36:19:36:Infinity":17,"s:37:4:39:Infinity":18,"b:38:62:38:75:38:75:38:85":11,"s:40:4:40:Infinity":19,"b:43:2:47:Infinity:undefined:undefined:undefined:undefined":12,"s:43:2:47:Infinity":20,"s:44:15:44:Infinity":21,"b:44:22:44:44:44:44:44:46":13,"s:45:4:45:Infinity":22,"f:45:44:45:56":2,"s:45:56:45:60":23,"s:46:4:46:Infinity":24,"s:49:2:49:Infinity":25,"f:52:24:52:37":3,"s:53:10:53:Infinity":26,"s:54:8:54:Infinity":27,"s:55:8:55:Infinity":28,"s:56:23:56:Infinity":29,"s:58:2:161:Infinity":30,"b:66:7:66:21:66:21:66:Infinity:67:8:69:Infinity":14,"b:71:7:71:21:71:21:71:Infinity:72:8:74:Infinity":15,"b:108:28:108:42:108:42:108:Infinity":16,"f:122:79:122:84":4,"s:123:20:125:Infinity":31,"f:130:23:130:28":5,"s:131:18:154:Infinity":32,"b:138:23:138:38:138:38:138:Infinity":17,"b:144:23:144:Infinity:145:24:151:Infinity":18,"f:145:44:145:55":6,"s:145:61:145:Infinity":33,"b:145:61:145:94:145:94:145:Infinity":19,"f:165:9:165:19":7,"s:166:38:170:Infinity":34,"s:171:2:174:Infinity":35,"b:172:81:172:94:172:94:172:Infinity":20}}}
,"C:\\Users\\mtiro\\blchain project\\app\\routes\\login.tsx": {"path":"C:\\Users\\mtiro\\blchain project\\app\\routes\\login.tsx","statementMap":{"0":{"start":{"line":8,"column":17},"end":{"line":8,"column":null}},"1":{"start":{"line":9,"column":2},"end":{"line":9,"column":null}},"2":{"start":{"line":9,"column":14},"end":{"line":9,"column":null}},"3":{"start":{"line":10,"column":2},"end":{"line":10,"column":null}},"4":{"start":{"line":14,"column":19},"end":{"line":14,"column":null}},"5":{"start":{"line":15,"column":19},"end":{"line":15,"column":null}},"6":{"start":{"line":16,"column":19},"end":{"line":16,"column":null}},"7":{"start":{"line":18,"column":2},"end":{"line":20,"column":null}},"8":{"start":{"line":19,"column":4},"end":{"line":19,"column":null}},"9":{"start":{"line":22,"column":15},"end":{"line":22,"column":null}},"10":{"start":{"line":23,"column":2},"end":{"line":23,"column":null}},"11":{"start":{"line":23,"column":13},"end":{"line":23,"column":null}},"12":{"start":{"line":25,"column":16},"end":{"line":25,"column":null}},"13":{"start":{"line":26,"column":2},"end":{"line":26,"column":null}},"14":{"start":{"line":26,"column":14},"end":{"line":26,"column":null}},"15":{"start":{"line":28,"column":21},"end":{"line":28,"column":null}},"16":{"start":{"line":29,"column":2},"end":{"line":29,"column":null}},"17":{"start":{"line":33,"column":8},"end":{"line":33,"column":null}},"18":{"start":{"line":34,"column":8},"end":{"line":34,"column":null}},"19":{"start":{"line":35,"column":21},"end":{"line":35,"column":null}},"20":{"start":{"line":37,"column":2},"end":{"line":121,"column":null}}},"fnMap":{"0":{"name":"loader","decl":{"start":{"line":7,"column":22},"end":{"line":7,"column":29}},"loc":{"start":{"line":7,"column":62},"end":{"line":11,"column":null}},"line":7},"1":{"name":"action","decl":{"start":{"line":13,"column":22},"end":{"line":13,"column":29}},"loc":{"start":{"line":13,"column":62},"end":{"line":30,"column":null}},"line":13},"2":{"name":"Login","decl":{"start":{"line":32,"column":24},"end":{"line":32,"column":32}},"loc":{"start":{"line":32,"column":32},"end":{"line":123,"column":null}},"line":32}},"branchMap":{"0":{"loc":{"start":{"line":9,"column":2},"end":{"line":9,"column":null}},"type":"if","locations":[{"start":{"line":9,"column":2},"end":{"line":9,"column":null}},{"start":{},"end":{}}],"line":9},"1":{"loc":{"start":{"line":15,"column":26},"end":{"line":15,"column":53}},"type":"binary-expr","locations":[{"start":{"line":15,"column":26},"end":{"line":15,"column":51}},{"start":{"line":15,"column":51},"end":{"line":15,"column":53}}],"line":15},"2":{"loc":{"start":{"line":16,"column":26},"end":{"line":16,"column":56}},"type":"binary-expr","locations":[{"start":{"line":16,"column":26},"end":{"line":16,"column":54}},{"start":{"line":16,"column":54},"end":{"line":16,"column":56}}],"line":16},"3":{"loc":{"start":{"line":18,"column":2},"end":{"line":20,"column":null}},"type":"if","locations":[{"start":{"line":18,"column":2},"end":{"line":20,"column":null}},{"start":{},"end":{}}],"line":18},"4":{"loc":{"start":{"line":18,"column":6},"end":{"line":18,"column":27}},"type":"binary-expr","locations":[{"start":{"line":18,"column":6},"end":{"line":18,"column":16}},{"start":{"line":18,"column":16},"end":{"line":18,"column":27}}],"line":18},"5":{"loc":{"start":{"line":23,"column":2},"end":{"line":23,"column":null}},"type":"if","locations":[{"start":{"line":23,"column":2},"end":{"line":23,"column":null}},{"start":{},"end":{}}],"line":23},"6":{"loc":{"start":{"line":26,"column":2},"end":{"line":26,"column":null}},"type":"if","locations":[{"start":{"line":26,"column":2},"end":{"line":26,"column":null}},{"start":{},"end":{}}],"line":26},"7":{"loc":{"start":{"line":59,"column":11},"end":{"line":62,"column":null}},"type":"binary-expr","locations":[{"start":{"line":59,"column":11},"end":{"line":59,"column":null}},{"start":{"line":60,"column":12},"end":{"line":62,"column":null}}],"line":59},"8":{"loc":{"start":{"line":91,"column":15},"end":{"line":91,"column":null}},"type":"cond-expr","locations":[{"start":{"line":91,"column":28},"end":{"line":91,"column":44}},{"start":{"line":91,"column":44},"end":{"line":91,"column":null}}],"line":91}},"s":{"0":2,"1":2,"2":1,"3":1,"4":7,"5":7,"6":7,"7":7,"8":3,"9":4,"10":4,"11":1,"12":3,"13":3,"14":1,"15":2,"16":2,"17":0,"18":0,"19":0,"20":0},"f":{"0":2,"1":7,"2":0},"b":{"0":[1,1],"1":[7,0],"2":[7,0],"3":[3,4],"4":[7,5],"5":[1,3],"6":[1,2],"7":[0,0],"8":[0,0]},"meta":{"lastBranch":9,"lastFunction":3,"lastStatement":21,"seen":{"f:7:22:7:29":0,"s:8:17:8:Infinity":0,"b:9:2:9:Infinity:undefined:undefined:undefined:undefined":0,"s:9:2:9:Infinity":1,"s:9:14:9:Infinity":2,"s:10:2:10:Infinity":3,"f:13:22:13:29":1,"s:14:19:14:Infinity":4,"s:15:19:15:Infinity":5,"b:15:26:15:51:15:51:15:53":1,"s:16:19:16:Infinity":6,"b:16:26:16:54:16:54:16:56":2,"b:18:2:20:Infinity:undefined:undefined:undefined:undefined":3,"s:18:2:20:Infinity":7,"b:18:6:18:16:18:16:18:27":4,"s:19:4:19:Infinity":8,"s:22:15:22:Infinity":9,"b:23:2:23:Infinity:undefined:undefined:undefined:undefined":5,"s:23:2:23:Infinity":10,"s:23:13:23:Infinity":11,"s:25:16:25:Infinity":12,"b:26:2:26:Infinity:undefined:undefined:undefined:undefined":6,"s:26:2:26:Infinity":13,"s:26:14:26:Infinity":14,"s:28:21:28:Infinity":15,"s:29:2:29:Infinity":16,"f:32:24:32:32":2,"s:33:8:33:Infinity":17,"s:34:8:34:Infinity":18,"s:35:21:35:Infinity":19,"s:37:2:121:Infinity":20,"b:59:11:59:Infinity:60:12:62:Infinity":7,"b:91:28:91:44:91:44:91:Infinity":8}}}
,"C:\\Users\\mtiro\\blchain project\\app\\routes\\logout.tsx": {"path":"C:\\Users\\mtiro\\blchain project\\app\\routes\\logout.tsx","statementMap":{"0":{"start":{"line":5,"column":2},"end":{"line":5,"column":null}},"1":{"start":{"line":9,"column":2},"end":{"line":9,"column":null}}},"fnMap":{"0":{"name":"action","decl":{"start":{"line":4,"column":22},"end":{"line":4,"column":29}},"loc":{"start":{"line":4,"column":62},"end":{"line":6,"column":null}},"line":4},"1":{"name":"loader","decl":{"start":{"line":8,"column":22},"end":{"line":8,"column":31}},"loc":{"start":{"line":8,"column":31},"end":{"line":10,"column":null}},"line":8}},"branchMap":{},"s":{"0":0,"1":0},"f":{"0":0,"1":0},"b":{},"meta":{"lastBranch":0,"lastFunction":2,"lastStatement":2,"seen":{"f:4:22:4:29":0,"s:5:2:5:Infinity":0,"f:8:22:8:31":1,"s:9:2:9:Infinity":1}}}
,"C:\\Users\\mtiro\\blchain project\\app\\routes\\professor._index.tsx": {"path":"C:\\Users\\mtiro\\blchain project\\app\\routes\\professor._index.tsx","statementMap":{"0":{"start":{"line":7,"column":2},"end":{"line":7,"column":null}},"1":{"start":{"line":9,"column":19},"end":{"line":12,"column":null}},"2":{"start":{"line":14,"column":20},"end":{"line":16,"column":null}},"3":{"start":{"line":15,"column":50},"end":{"line":15,"column":62}},"4":{"start":{"line":18,"column":23},"end":{"line":20,"column":null}},"5":{"start":{"line":19,"column":50},"end":{"line":19,"column":62}},"6":{"start":{"line":22,"column":29},"end":{"line":37,"column":null}},"7":{"start":{"line":23,"column":19},"end":{"line":23,"column":30}},"8":{"start":{"line":25,"column":19},"end":{"line":25,"column":null}},"9":{"start":{"line":26,"column":19},"end":{"line":26,"column":null}},"10":{"start":{"line":26,"column":43},"end":{"line":26,"column":62}},"11":{"start":{"line":27,"column":19},"end":{"line":27,"column":null}},"12":{"start":{"line":27,"column":44},"end":{"line":27,"column":63}},"13":{"start":{"line":28,"column":6},"end":{"line":36,"column":null}},"14":{"start":{"line":32,"column":37},"end":{"line":32,"column":63}},"15":{"start":{"line":33,"column":37},"end":{"line":33,"column":63}},"16":{"start":{"line":34,"column":37},"end":{"line":34,"column":60}},"17":{"start":{"line":39,"column":2},"end":{"line":39,"column":null}},"18":{"start":{"line":43,"column":10},"end":{"line":43,"column":null}},"19":{"start":{"line":45,"column":24},"end":{"line":45,"column":null}},"20":{"start":{"line":45,"column":57},"end":{"line":45,"column":67}},"21":{"start":{"line":47,"column":2},"end":{"line":124,"column":null}},"22":{"start":{"line":80,"column":18},"end":{"line":82,"column":null}},"23":{"start":{"line":95,"column":16},"end":{"line":118,"column":null}},"24":{"start":{"line":129,"column":37},"end":{"line":133,"column":null}},"25":{"start":{"line":134,"column":38},"end":{"line":138,"column":null}},"26":{"start":{"line":139,"column":2},"end":{"line":143,"column":null}},"27":{"start":{"line":148,"column":2},"end":{"line":151,"column":null}},"28":{"start":{"line":155,"column":2},"end":{"line":155,"column":null}},"29":{"start":{"line":158,"column":2},"end":{"line":158,"column":null}}},"fnMap":{"0":{"name":"loader","decl":{"start":{"line":6,"column":22},"end":{"line":6,"column":29}},"loc":{"start":{"line":6,"column":62},"end":{"line":40,"column":null}},"line":6},"1":{"name":"(anonymous_1)","decl":{"start":{"line":15,"column":39},"end":{"line":15,"column":44}},"loc":{"start":{"line":15,"column":50},"end":{"line":15,"column":62}},"line":15},"2":{"name":"(anonymous_2)","decl":{"start":{"line":19,"column":39},"end":{"line":19,"column":44}},"loc":{"start":{"line":19,"column":50},"end":{"line":19,"column":62}},"line":19},"3":{"name":"(anonymous_3)","decl":{"start":{"line":23,"column":5},"end":{"line":23,"column":13}},"loc":{"start":{"line":23,"column":19},"end":{"line":23,"column":30}},"line":23},"4":{"name":"(anonymous_4)","decl":{"start":{"line":24,"column":5},"end":{"line":24,"column":10}},"loc":{"start":{"line":24,"column":16},"end":{"line":37,"column":5}},"line":24},"5":{"name":"(anonymous_5)","decl":{"start":{"line":26,"column":29},"end":{"line":26,"column":37}},"loc":{"start":{"line":26,"column":43},"end":{"line":26,"column":62}},"line":26},"6":{"name":"(anonymous_6)","decl":{"start":{"line":27,"column":32},"end":{"line":27,"column":38}},"loc":{"start":{"line":27,"column":44},"end":{"line":27,"column":63}},"line":27},"7":{"name":"(anonymous_7)","decl":{"start":{"line":32,"column":25},"end":{"line":32,"column":31}},"loc":{"start":{"line":32,"column":37},"end":{"line":32,"column":63}},"line":32},"8":{"name":"(anonymous_8)","decl":{"start":{"line":33,"column":25},"end":{"line":33,"column":31}},"loc":{"start":{"line":33,"column":37},"end":{"line":33,"column":63}},"line":33},"9":{"name":"(anonymous_9)","decl":{"start":{"line":34,"column":25},"end":{"line":34,"column":31}},"loc":{"start":{"line":34,"column":37},"end":{"line":34,"column":60}},"line":34},"10":{"name":"ProfessorDashboard","decl":{"start":{"line":42,"column":24},"end":{"line":42,"column":45}},"loc":{"start":{"line":42,"column":45},"end":{"line":126,"column":null}},"line":42},"11":{"name":"(anonymous_11)","decl":{"start":{"line":45,"column":43},"end":{"line":45,"column":51}},"loc":{"start":{"line":45,"column":57},"end":{"line":45,"column":67}},"line":45},"12":{"name":"(anonymous_12)","decl":{"start":{"line":79,"column":102},"end":{"line":79,"column":107}},"loc":{"start":{"line":80,"column":18},"end":{"line":82,"column":null}},"line":80},"13":{"name":"(anonymous_13)","decl":{"start":{"line":94,"column":34},"end":{"line":94,"column":39}},"loc":{"start":{"line":95,"column":16},"end":{"line":118,"column":null}},"line":95},"14":{"name":"SummaryCard","decl":{"start":{"line":128,"column":9},"end":{"line":128,"column":21}},"loc":{"start":{"line":128,"column":95},"end":{"line":145,"column":null}},"line":128},"15":{"name":"VerBadge","decl":{"start":{"line":147,"column":9},"end":{"line":147,"column":18}},"loc":{"start":{"line":147,"column":43},"end":{"line":153,"column":null}},"line":147},"16":{"name":"CheckIcon","decl":{"start":{"line":154,"column":9},"end":{"line":154,"column":21}},"loc":{"start":{"line":154,"column":21},"end":{"line":156,"column":null}},"line":154},"17":{"name":"UploadIcon","decl":{"start":{"line":157,"column":9},"end":{"line":157,"column":22}},"loc":{"start":{"line":157,"column":22},"end":{"line":159,"column":null}},"line":157}},"branchMap":{"0":{"loc":{"start":{"line":35,"column":20},"end":{"line":35,"column":null}},"type":"binary-expr","locations":[{"start":{"line":35,"column":20},"end":{"line":35,"column":43}},{"start":{"line":35,"column":43},"end":{"line":35,"column":null}}],"line":35},"1":{"loc":{"start":{"line":87,"column":15},"end":{"line":94,"column":34}},"type":"binary-expr","locations":[{"start":{"line":87,"column":15},"end":{"line":87,"column":null}},{"start":{"line":88,"column":16},"end":{"line":94,"column":34}}],"line":87},"2":{"loc":{"start":{"line":102,"column":21},"end":{"line":107,"column":null}},"type":"cond-expr","locations":[{"start":{"line":103,"column":22},"end":{"line":107,"column":23}},{"start":{"line":107,"column":22},"end":{"line":107,"column":null}}],"line":102},"3":{"loc":{"start":{"line":148,"column":9},"end":{"line":151,"column":null}},"type":"cond-expr","locations":[{"start":{"line":149,"column":4},"end":{"line":151,"column":5}},{"start":{"line":151,"column":4},"end":{"line":151,"column":null}}],"line":148}},"s":{"0":0,"1":0,"2":0,"3":0,"4":0,"5":0,"6":0,"7":0,"8":0,"9":0,"10":0,"11":0,"12":0,"13":0,"14":0,"15":0,"16":0,"17":0,"18":0,"19":0,"20":0,"21":0,"22":0,"23":0,"24":0,"25":0,"26":0,"27":0,"28":0,"29":0},"f":{"0":0,"1":0,"2":0,"3":0,"4":0,"5":0,"6":0,"7":0,"8":0,"9":0,"10":0,"11":0,"12":0,"13":0,"14":0,"15":0,"16":0,"17":0},"b":{"0":[0,0],"1":[0,0],"2":[0,0],"3":[0,0]},"meta":{"lastBranch":4,"lastFunction":18,"lastStatement":30,"seen":{"f:6:22:6:29":0,"s:7:2:7:Infinity":0,"s:9:19:12:Infinity":1,"s:14:20:16:Infinity":2,"f:15:39:15:44":1,"s:15:50:15:62":3,"s:18:23:20:Infinity":4,"f:19:39:19:44":2,"s:19:50:19:62":5,"s:22:29:37:Infinity":6,"f:23:5:23:13":3,"s:23:19:23:30":7,"f:24:5:24:10":4,"s:25:19:25:Infinity":8,"s:26:19:26:Infinity":9,"f:26:29:26:37":5,"s:26:43:26:62":10,"s:27:19:27:Infinity":11,"f:27:32:27:38":6,"s:27:44:27:63":12,"s:28:6:36:Infinity":13,"f:32:25:32:31":7,"s:32:37:32:63":14,"f:33:25:33:31":8,"s:33:37:33:63":15,"f:34:25:34:31":9,"s:34:37:34:60":16,"b:35:20:35:43:35:43:35:Infinity":0,"s:39:2:39:Infinity":17,"f:42:24:42:45":10,"s:43:10:43:Infinity":18,"s:45:24:45:Infinity":19,"f:45:43:45:51":11,"s:45:57:45:67":20,"s:47:2:124:Infinity":21,"f:79:102:79:107":12,"s:80:18:82:Infinity":22,"b:87:15:87:Infinity:88:16:94:34":1,"f:94:34:94:39":13,"s:95:16:118:Infinity":23,"b:103:22:107:23:107:22:107:Infinity":2,"f:128:9:128:21":14,"s:129:37:133:Infinity":24,"s:134:38:138:Infinity":25,"s:139:2:143:Infinity":26,"f:147:9:147:18":15,"s:148:2:151:Infinity":27,"b:149:4:151:5:151:4:151:Infinity":3,"f:154:9:154:21":16,"s:155:2:155:Infinity":28,"f:157:9:157:22":17,"s:158:2:158:Infinity":29}}}
,"C:\\Users\\mtiro\\blchain project\\app\\routes\\professor.tsx": {"path":"C:\\Users\\mtiro\\blchain project\\app\\routes\\professor.tsx","statementMap":{"0":{"start":{"line":7,"column":15},"end":{"line":7,"column":null}},"1":{"start":{"line":8,"column":2},"end":{"line":8,"column":null}},"2":{"start":{"line":12,"column":10},"end":{"line":12,"column":null}},"3":{"start":{"line":13,"column":2},"end":{"line":19,"column":null}}},"fnMap":{"0":{"name":"loader","decl":{"start":{"line":6,"column":22},"end":{"line":6,"column":29}},"loc":{"start":{"line":6,"column":62},"end":{"line":9,"column":null}},"line":6},"1":{"name":"ProfessorLayout","decl":{"start":{"line":11,"column":24},"end":{"line":11,"column":42}},"loc":{"start":{"line":11,"column":42},"end":{"line":21,"column":null}},"line":11}},"branchMap":{},"s":{"0":0,"1":0,"2":0,"3":0},"f":{"0":0,"1":0},"b":{},"meta":{"lastBranch":0,"lastFunction":2,"lastStatement":4,"seen":{"f:6:22:6:29":0,"s:7:15:7:Infinity":0,"s:8:2:8:Infinity":1,"f:11:24:11:42":1,"s:12:10:12:Infinity":2,"s:13:2:19:Infinity":3}}}
,"C:\\Users\\mtiro\\blchain project\\app\\routes\\professor.upload.tsx": {"path":"C:\\Users\\mtiro\\blchain project\\app\\routes\\professor.upload.tsx","statementMap":{"0":{"start":{"line":20,"column":20},"end":{"line":20,"column":null}},"1":{"start":{"line":21,"column":19},"end":{"line":25,"column":null}},"2":{"start":{"line":26,"column":22},"end":{"line":26,"column":null}},"3":{"start":{"line":27,"column":2},"end":{"line":27,"column":null}},"4":{"start":{"line":31,"column":20},"end":{"line":31,"column":null}},"5":{"start":{"line":33,"column":8},"end":{"line":33,"column":null}},"6":{"start":{"line":34,"column":19},"end":{"line":34,"column":null}},"7":{"start":{"line":36,"column":20},"end":{"line":36,"column":null}},"8":{"start":{"line":37,"column":20},"end":{"line":37,"column":null}},"9":{"start":{"line":38,"column":20},"end":{"line":38,"column":null}},"10":{"start":{"line":40,"column":2},"end":{"line":42,"column":null}},"11":{"start":{"line":41,"column":4},"end":{"line":41,"column":null}},"12":{"start":{"line":44,"column":2},"end":{"line":46,"column":null}},"13":{"start":{"line":45,"column":4},"end":{"line":45,"column":null}},"14":{"start":{"line":49,"column":19},"end":{"line":49,"column":null}},"15":{"start":{"line":50,"column":8},"end":{"line":50,"column":null}},"16":{"start":{"line":52,"column":30},"end":{"line":52,"column":null}},"17":{"start":{"line":53,"column":31},"end":{"line":53,"column":null}},"18":{"start":{"line":55,"column":2},"end":{"line":59,"column":null}},"19":{"start":{"line":56,"column":4},"end":{"line":56,"column":null}},"20":{"start":{"line":58,"column":4},"end":{"line":58,"column":null}},"21":{"start":{"line":62,"column":2},"end":{"line":79,"column":null}},"22":{"start":{"line":82,"column":15},"end":{"line":82,"column":null}},"23":{"start":{"line":84,"column":4},"end":{"line":86,"column":null}},"24":{"start":{"line":86,"column":21},"end":{"line":86,"column":44}},"25":{"start":{"line":88,"column":20},"end":{"line":88,"column":null}},"26":{"start":{"line":89,"column":2},"end":{"line":123,"column":null}},"27":{"start":{"line":90,"column":20},"end":{"line":93,"column":null}},"28":{"start":{"line":95,"column":21},"end":{"line":97,"column":null}},"29":{"start":{"line":99,"column":4},"end":{"line":122,"column":null}},"30":{"start":{"line":100,"column":12},"end":{"line":100,"column":null}},"31":{"start":{"line":101,"column":38},"end":{"line":101,"column":null}},"32":{"start":{"line":103,"column":6},"end":{"line":107,"column":null}},"33":{"start":{"line":104,"column":8},"end":{"line":104,"column":null}},"34":{"start":{"line":109,"column":6},"end":{"line":120,"column":null}},"35":{"start":{"line":121,"column":6},"end":{"line":121,"column":null}},"36":{"start":{"line":125,"column":2},"end":{"line":133,"column":null}},"37":{"start":{"line":137,"column":20},"end":{"line":137,"column":null}},"38":{"start":{"line":138,"column":8},"end":{"line":138,"column":null}},"39":{"start":{"line":139,"column":8},"end":{"line":139,"column":null}},"40":{"start":{"line":140,"column":9},"end":{"line":140,"column":null}},"41":{"start":{"line":141,"column":22},"end":{"line":141,"column":null}},"42":{"start":{"line":143,"column":2},"end":{"line":262,"column":null}},"43":{"start":{"line":209,"column":14},"end":{"line":211,"column":null}}},"fnMap":{"0":{"name":"loader","decl":{"start":{"line":19,"column":22},"end":{"line":19,"column":29}},"loc":{"start":{"line":19,"column":62},"end":{"line":28,"column":null}},"line":19},"1":{"name":"action","decl":{"start":{"line":30,"column":22},"end":{"line":30,"column":29}},"loc":{"start":{"line":30,"column":62},"end":{"line":134,"column":null}},"line":30},"2":{"name":"(anonymous_2)","decl":{"start":{"line":86,"column":9},"end":{"line":86,"column":15}},"loc":{"start":{"line":86,"column":21},"end":{"line":86,"column":44}},"line":86},"3":{"name":"ProfessorUpload","decl":{"start":{"line":136,"column":24},"end":{"line":136,"column":42}},"loc":{"start":{"line":136,"column":42},"end":{"line":264,"column":null}},"line":136},"4":{"name":"(anonymous_4)","decl":{"start":{"line":208,"column":22},"end":{"line":208,"column":27}},"loc":{"start":{"line":209,"column":14},"end":{"line":211,"column":null}},"line":209}},"branchMap":{"0":{"loc":{"start":{"line":36,"column":27},"end":{"line":36,"column":58}},"type":"binary-expr","locations":[{"start":{"line":36,"column":27},"end":{"line":36,"column":56}},{"start":{"line":36,"column":56},"end":{"line":36,"column":58}}],"line":36},"1":{"loc":{"start":{"line":37,"column":27},"end":{"line":37,"column":58}},"type":"binary-expr","locations":[{"start":{"line":37,"column":27},"end":{"line":37,"column":56}},{"start":{"line":37,"column":56},"end":{"line":37,"column":58}}],"line":37},"2":{"loc":{"start":{"line":40,"column":2},"end":{"line":42,"column":null}},"type":"if","locations":[{"start":{"line":40,"column":2},"end":{"line":42,"column":null}},{"start":{},"end":{}}],"line":40},"3":{"loc":{"start":{"line":40,"column":6},"end":{"line":40,"column":58}},"type":"binary-expr","locations":[{"start":{"line":40,"column":6},"end":{"line":40,"column":20}},{"start":{"line":40,"column":20},"end":{"line":40,"column":32}},{"start":{"line":40,"column":32},"end":{"line":40,"column":41}},{"start":{"line":40,"column":41},"end":{"line":40,"column":58}}],"line":40},"4":{"loc":{"start":{"line":44,"column":2},"end":{"line":46,"column":null}},"type":"if","locations":[{"start":{"line":44,"column":2},"end":{"line":46,"column":null}},{"start":{},"end":{}}],"line":44},"5":{"loc":{"start":{"line":58,"column":14},"end":{"line":58,"column":null}},"type":"cond-expr","locations":[{"start":{"line":58,"column":37},"end":{"line":58,"column":51}},{"start":{"line":58,"column":51},"end":{"line":58,"column":null}}],"line":58},"6":{"loc":{"start":{"line":69,"column":24},"end":{"line":69,"column":null}},"type":"binary-expr","locations":[{"start":{"line":69,"column":24},"end":{"line":69,"column":34}},{"start":{"line":69,"column":34},"end":{"line":69,"column":null}}],"line":69},"7":{"loc":{"start":{"line":75,"column":24},"end":{"line":75,"column":null}},"type":"binary-expr","locations":[{"start":{"line":75,"column":24},"end":{"line":75,"column":34}},{"start":{"line":75,"column":34},"end":{"line":75,"column":null}}],"line":75},"8":{"loc":{"start":{"line":84,"column":4},"end":{"line":86,"column":null}},"type":"binary-expr","locations":[{"start":{"line":84,"column":4},"end":{"line":84,"column":null}},{"start":{"line":85,"column":4},"end":{"line":85,"column":null}},{"start":{"line":86,"column":4},"end":{"line":86,"column":null}}],"line":84},"9":{"loc":{"start":{"line":89,"column":2},"end":{"line":123,"column":null}},"type":"if","locations":[{"start":{"line":89,"column":2},"end":{"line":123,"column":null}},{"start":{},"end":{}}],"line":89},"10":{"loc":{"start":{"line":99,"column":4},"end":{"line":122,"column":null}},"type":"if","locations":[{"start":{"line":99,"column":4},"end":{"line":122,"column":null}},{"start":{},"end":{}}],"line":99},"11":{"loc":{"start":{"line":113,"column":29},"end":{"line":113,"column":null}},"type":"binary-expr","locations":[{"start":{"line":113,"column":29},"end":{"line":113,"column":46}},{"start":{"line":113,"column":46},"end":{"line":113,"column":null}}],"line":113},"12":{"loc":{"start":{"line":118,"column":29},"end":{"line":118,"column":null}},"type":"binary-expr","locations":[{"start":{"line":118,"column":29},"end":{"line":118,"column":43}},{"start":{"line":118,"column":43},"end":{"line":118,"column":null}}],"line":118},"13":{"loc":{"start":{"line":150,"column":7},"end":{"line":154,"column":null}},"type":"binary-expr","locations":[{"start":{"line":150,"column":7},"end":{"line":150,"column":null}},{"start":{"line":151,"column":8},"end":{"line":154,"column":null}}],"line":150},"14":{"loc":{"start":{"line":157,"column":7},"end":{"line":160,"column":null}},"type":"binary-expr","locations":[{"start":{"line":157,"column":7},"end":{"line":157,"column":21}},{"start":{"line":157,"column":21},"end":{"line":157,"column":null}},{"start":{"line":158,"column":8},"end":{"line":160,"column":null}}],"line":157},"15":{"loc":{"start":{"line":163,"column":7},"end":{"line":195,"column":null}},"type":"binary-expr","locations":[{"start":{"line":163,"column":7},"end":{"line":163,"column":21}},{"start":{"line":163,"column":21},"end":{"line":163,"column":null}},{"start":{"line":164,"column":8},"end":{"line":195,"column":null}}],"line":163},"16":{"loc":{"start":{"line":174,"column":15},"end":{"line":178,"column":null}},"type":"binary-expr","locations":[{"start":{"line":174,"column":15},"end":{"line":174,"column":null}},{"start":{"line":175,"column":16},"end":{"line":178,"column":null}}],"line":174},"17":{"loc":{"start":{"line":180,"column":15},"end":{"line":181,"column":null}},"type":"binary-expr","locations":[{"start":{"line":180,"column":15},"end":{"line":180,"column":null}},{"start":{"line":181,"column":16},"end":{"line":181,"column":null}}],"line":180},"18":{"loc":{"start":{"line":185,"column":11},"end":{"line":195,"column":null}},"type":"binary-expr","locations":[{"start":{"line":185,"column":11},"end":{"line":185,"column":null}},{"start":{"line":186,"column":12},"end":{"line":195,"column":null}}],"line":185},"19":{"loc":{"start":{"line":205,"column":26},"end":{"line":205,"column":null}},"type":"binary-expr","locations":[{"start":{"line":205,"column":26},"end":{"line":205,"column":53}},{"start":{"line":205,"column":53},"end":{"line":205,"column":null}}],"line":205},"20":{"loc":{"start":{"line":248,"column":13},"end":{"line":248,"column":null}},"type":"cond-expr","locations":[{"start":{"line":248,"column":26},"end":{"line":248,"column":42}},{"start":{"line":248,"column":42},"end":{"line":248,"column":null}}],"line":248}},"s":{"0":3,"1":1,"2":1,"3":1,"4":10,"5":10,"6":10,"7":10,"8":10,"9":10,"10":10,"11":3,"12":7,"13":1,"14":6,"15":6,"16":6,"17":6,"18":6,"19":6,"20":0,"21":6,"22":6,"23":6,"24":6,"25":10,"26":10,"27":2,"28":2,"29":2,"30":1,"31":1,"32":1,"33":1,"34":1,"35":1,"36":6,"37":0,"38":0,"39":0,"40":0,"41":0,"42":0,"43":0},"f":{"0":3,"1":10,"2":6,"3":0,"4":0},"b":{"0":[10,0],"1":[10,0],"2":[3,7],"3":[10,9,8,7],"4":[1,6],"5":[0,0],"6":[6,0],"7":[10,0],"8":[6,3,2],"9":[2,8],"10":[1,1],"11":[1,0],"12":[1,0],"13":[0,0],"14":[0,0,0],"15":[0,0,0],"16":[0,0],"17":[0,0],"18":[0,0],"19":[0,0],"20":[0,0]},"meta":{"lastBranch":21,"lastFunction":5,"lastStatement":44,"seen":{"f:19:22:19:29":0,"s:20:20:20:Infinity":0,"s:21:19:25:Infinity":1,"s:26:22:26:Infinity":2,"s:27:2:27:Infinity":3,"f:30:22:30:29":1,"s:31:20:31:Infinity":4,"s:33:8:33:Infinity":5,"s:34:19:34:Infinity":6,"s:36:20:36:Infinity":7,"b:36:27:36:56:36:56:36:58":0,"s:37:20:37:Infinity":8,"b:37:27:37:56:37:56:37:58":1,"s:38:20:38:Infinity":9,"b:40:2:42:Infinity:undefined:undefined:undefined:undefined":2,"s:40:2:42:Infinity":10,"b:40:6:40:20:40:20:40:32:40:32:40:41:40:41:40:58":3,"s:41:4:41:Infinity":11,"b:44:2:46:Infinity:undefined:undefined:undefined:undefined":4,"s:44:2:46:Infinity":12,"s:45:4:45:Infinity":13,"s:49:19:49:Infinity":14,"s:50:8:50:Infinity":15,"s:52:30:52:Infinity":16,"s:53:31:53:Infinity":17,"s:55:2:59:Infinity":18,"s:56:4:56:Infinity":19,"s:58:4:58:Infinity":20,"b:58:37:58:51:58:51:58:Infinity":5,"s:62:2:79:Infinity":21,"b:69:24:69:34:69:34:69:Infinity":6,"b:75:24:75:34:75:34:75:Infinity":7,"s:82:15:82:Infinity":22,"s:84:4:86:Infinity":23,"b:84:4:84:Infinity:85:4:85:Infinity:86:4:86:Infinity":8,"f:86:9:86:15":2,"s:86:21:86:44":24,"s:88:20:88:Infinity":25,"b:89:2:123:Infinity:undefined:undefined:undefined:undefined":9,"s:89:2:123:Infinity":26,"s:90:20:93:Infinity":27,"s:95:21:97:Infinity":28,"b:99:4:122:Infinity:undefined:undefined:undefined:undefined":10,"s:99:4:122:Infinity":29,"s:100:12:100:Infinity":30,"s:101:38:101:Infinity":31,"s:103:6:107:Infinity":32,"s:104:8:104:Infinity":33,"s:109:6:120:Infinity":34,"b:113:29:113:46:113:46:113:Infinity":11,"b:118:29:118:43:118:43:118:Infinity":12,"s:121:6:121:Infinity":35,"s:125:2:133:Infinity":36,"f:136:24:136:42":3,"s:137:20:137:Infinity":37,"s:138:8:138:Infinity":38,"s:139:8:139:Infinity":39,"s:140:9:140:Infinity":40,"s:141:22:141:Infinity":41,"s:143:2:262:Infinity":42,"b:150:7:150:Infinity:151:8:154:Infinity":13,"b:157:7:157:21:157:21:157:Infinity:158:8:160:Infinity":14,"b:163:7:163:21:163:21:163:Infinity:164:8:195:Infinity":15,"b:174:15:174:Infinity:175:16:178:Infinity":16,"b:180:15:180:Infinity:181:16:181:Infinity":17,"b:185:11:185:Infinity:186:12:195:Infinity":18,"b:205:26:205:53:205:53:205:Infinity":19,"f:208:22:208:27":4,"s:209:14:211:Infinity":43,"b:248:26:248:42:248:42:248:Infinity":20}}}
,"C:\\Users\\mtiro\\blchain project\\app\\routes\\student._index.tsx": {"path":"C:\\Users\\mtiro\\blchain project\\app\\routes\\student._index.tsx","statementMap":{"0":{"start":{"line":7,"column":15},"end":{"line":7,"column":null}},"1":{"start":{"line":9,"column":2},"end":{"line":11,"column":null}},"2":{"start":{"line":10,"column":4},"end":{"line":10,"column":null}},"3":{"start":{"line":13,"column":23},"end":{"line":16,"column":null}},"4":{"start":{"line":18,"column":2},"end":{"line":18,"column":null}},"5":{"start":{"line":22,"column":22},"end":{"line":22,"column":null}},"6":{"start":{"line":24,"column":8},"end":{"line":24,"column":null}},"7":{"start":{"line":24,"column":32},"end":{"line":24,"column":null}},"8":{"start":{"line":24,"column":49},"end":{"line":24,"column":67}},"9":{"start":{"line":26,"column":2},"end":{"line":128,"column":null}},"10":{"start":{"line":88,"column":16},"end":{"line":90,"column":null}},"11":{"start":{"line":103,"column":14},"end":{"line":123,"column":null}},"12":{"start":{"line":133,"column":2},"end":{"line":164,"column":null}},"13":{"start":{"line":169,"column":38},"end":{"line":173,"column":null}},"14":{"start":{"line":174,"column":2},"end":{"line":177,"column":null}},"15":{"start":{"line":181,"column":2},"end":{"line":181,"column":null}}},"fnMap":{"0":{"name":"loader","decl":{"start":{"line":6,"column":22},"end":{"line":6,"column":29}},"loc":{"start":{"line":6,"column":62},"end":{"line":19,"column":null}},"line":6},"1":{"name":"StudentDashboard","decl":{"start":{"line":21,"column":24},"end":{"line":21,"column":43}},"loc":{"start":{"line":21,"column":43},"end":{"line":130,"column":null}},"line":21},"2":{"name":"(anonymous_2)","decl":{"start":{"line":24,"column":8},"end":{"line":24,"column":15}},"loc":{"start":{"line":24,"column":32},"end":{"line":24,"column":null}},"line":24},"3":{"name":"(anonymous_3)","decl":{"start":{"line":24,"column":37},"end":{"line":24,"column":43}},"loc":{"start":{"line":24,"column":49},"end":{"line":24,"column":67}},"line":24},"4":{"name":"(anonymous_4)","decl":{"start":{"line":87,"column":82},"end":{"line":87,"column":87}},"loc":{"start":{"line":88,"column":16},"end":{"line":90,"column":null}},"line":88},"5":{"name":"(anonymous_5)","decl":{"start":{"line":102,"column":18},"end":{"line":102,"column":23}},"loc":{"start":{"line":103,"column":14},"end":{"line":123,"column":null}},"line":103},"6":{"name":"StatusCard","decl":{"start":{"line":132,"column":9},"end":{"line":132,"column":20}},"loc":{"start":{"line":132,"column":79},"end":{"line":166,"column":null}},"line":132},"7":{"name":"TypeBadge","decl":{"start":{"line":168,"column":9},"end":{"line":168,"column":19}},"loc":{"start":{"line":168,"column":47},"end":{"line":179,"column":null}},"line":168},"8":{"name":"CheckIcon","decl":{"start":{"line":180,"column":9},"end":{"line":180,"column":21}},"loc":{"start":{"line":180,"column":21},"end":{"line":182,"column":null}},"line":180}},"branchMap":{"0":{"loc":{"start":{"line":9,"column":2},"end":{"line":11,"column":null}},"type":"if","locations":[{"start":{"line":9,"column":2},"end":{"line":11,"column":null}},{"start":{},"end":{}}],"line":9},"1":{"loc":{"start":{"line":31,"column":30},"end":{"line":31,"column":null}},"type":"binary-expr","locations":[{"start":{"line":31,"column":30},"end":{"line":31,"column":48}},{"start":{"line":31,"column":48},"end":{"line":31,"column":null}}],"line":31},"2":{"loc":{"start":{"line":43,"column":7},"end":{"line":76,"column":null}},"type":"cond-expr","locations":[{"start":{"line":44,"column":8},"end":{"line":70,"column":9}},{"start":{"line":70,"column":8},"end":{"line":76,"column":null}}],"line":43},"3":{"loc":{"start":{"line":95,"column":13},"end":{"line":102,"column":18}},"type":"binary-expr","locations":[{"start":{"line":95,"column":13},"end":{"line":95,"column":null}},{"start":{"line":96,"column":14},"end":{"line":102,"column":18}}],"line":95},"4":{"loc":{"start":{"line":112,"column":19},"end":{"line":117,"column":null}},"type":"cond-expr","locations":[{"start":{"line":113,"column":20},"end":{"line":117,"column":21}},{"start":{"line":117,"column":20},"end":{"line":117,"column":null}}],"line":112},"5":{"loc":{"start":{"line":136,"column":8},"end":{"line":138,"column":null}},"type":"cond-expr","locations":[{"start":{"line":137,"column":12},"end":{"line":137,"column":null}},{"start":{"line":138,"column":12},"end":{"line":138,"column":null}}],"line":136},"6":{"loc":{"start":{"line":144,"column":12},"end":{"line":144,"column":null}},"type":"cond-expr","locations":[{"start":{"line":144,"column":23},"end":{"line":144,"column":40}},{"start":{"line":144,"column":40},"end":{"line":144,"column":null}}],"line":144},"7":{"loc":{"start":{"line":147,"column":11},"end":{"line":154,"column":null}},"type":"cond-expr","locations":[{"start":{"line":148,"column":12},"end":{"line":152,"column":13}},{"start":{"line":152,"column":12},"end":{"line":154,"column":null}}],"line":147},"8":{"loc":{"start":{"line":159,"column":42},"end":{"line":159,"column":null}},"type":"cond-expr","locations":[{"start":{"line":159,"column":53},"end":{"line":159,"column":72}},{"start":{"line":159,"column":72},"end":{"line":159,"column":null}}],"line":159},"9":{"loc":{"start":{"line":160,"column":13},"end":{"line":160,"column":null}},"type":"cond-expr","locations":[{"start":{"line":160,"column":24},"end":{"line":160,"column":37}},{"start":{"line":160,"column":37},"end":{"line":160,"column":null}}],"line":160},"10":{"loc":{"start":{"line":175,"column":81},"end":{"line":175,"column":null}},"type":"binary-expr","locations":[{"start":{"line":175,"column":81},"end":{"line":175,"column":94}},{"start":{"line":175,"column":94},"end":{"line":175,"column":null}}],"line":175}},"s":{"0":0,"1":0,"2":0,"3":0,"4":0,"5":0,"6":0,"7":0,"8":0,"9":0,"10":0,"11":0,"12":0,"13":0,"14":0,"15":0},"f":{"0":0,"1":0,"2":0,"3":0,"4":0,"5":0,"6":0,"7":0,"8":0},"b":{"0":[0,0],"1":[0,0],"2":[0,0],"3":[0,0],"4":[0,0],"5":[0,0],"6":[0,0],"7":[0,0],"8":[0,0],"9":[0,0],"10":[0,0]},"meta":{"lastBranch":11,"lastFunction":9,"lastStatement":16,"seen":{"f:6:22:6:29":0,"s:7:15:7:Infinity":0,"b:9:2:11:Infinity:undefined:undefined:undefined:undefined":0,"s:9:2:11:Infinity":1,"s:10:4:10:Infinity":2,"s:13:23:16:Infinity":3,"s:18:2:18:Infinity":4,"f:21:24:21:43":1,"s:22:22:22:Infinity":5,"s:24:8:24:Infinity":6,"f:24:8:24:15":2,"s:24:32:24:Infinity":7,"f:24:37:24:43":3,"s:24:49:24:67":8,"s:26:2:128:Infinity":9,"b:31:30:31:48:31:48:31:Infinity":1,"b:44:8:70:9:70:8:76:Infinity":2,"f:87:82:87:87":4,"s:88:16:90:Infinity":10,"b:95:13:95:Infinity:96:14:102:18":3,"f:102:18:102:23":5,"s:103:14:123:Infinity":11,"b:113:20:117:21:117:20:117:Infinity":4,"f:132:9:132:20":6,"s:133:2:164:Infinity":12,"b:137:12:137:Infinity:138:12:138:Infinity":5,"b:144:23:144:40:144:40:144:Infinity":6,"b:148:12:152:13:152:12:154:Infinity":7,"b:159:53:159:72:159:72:159:Infinity":8,"b:160:24:160:37:160:37:160:Infinity":9,"f:168:9:168:19":7,"s:169:38:173:Infinity":13,"s:174:2:177:Infinity":14,"b:175:81:175:94:175:94:175:Infinity":10,"f:180:9:180:21":8,"s:181:2:181:Infinity":15}}}
,"C:\\Users\\mtiro\\blchain project\\app\\routes\\student.tsx": {"path":"C:\\Users\\mtiro\\blchain project\\app\\routes\\student.tsx","statementMap":{"0":{"start":{"line":7,"column":15},"end":{"line":7,"column":null}},"1":{"start":{"line":8,"column":2},"end":{"line":8,"column":null}},"2":{"start":{"line":12,"column":10},"end":{"line":12,"column":null}},"3":{"start":{"line":13,"column":2},"end":{"line":19,"column":null}}},"fnMap":{"0":{"name":"loader","decl":{"start":{"line":6,"column":22},"end":{"line":6,"column":29}},"loc":{"start":{"line":6,"column":62},"end":{"line":9,"column":null}},"line":6},"1":{"name":"StudentLayout","decl":{"start":{"line":11,"column":24},"end":{"line":11,"column":40}},"loc":{"start":{"line":11,"column":40},"end":{"line":21,"column":null}},"line":11}},"branchMap":{},"s":{"0":0,"1":0,"2":0,"3":0},"f":{"0":0,"1":0},"b":{},"meta":{"lastBranch":0,"lastFunction":2,"lastStatement":4,"seen":{"f:6:22:6:29":0,"s:7:15:7:Infinity":0,"s:8:2:8:Infinity":1,"f:11:24:11:40":1,"s:12:10:12:Infinity":2,"s:13:2:19:Infinity":3}}}
,"C:\\Users\\mtiro\\blchain project\\app\\routes\\verify.$id.tsx": {"path":"C:\\Users\\mtiro\\blchain project\\app\\routes\\verify.$id.tsx","statementMap":{"0":{"start":{"line":7,"column":35},"end":{"line":7,"column":null}},"1":{"start":{"line":8,"column":20},"end":{"line":8,"column":null}},"2":{"start":{"line":10,"column":13},"end":{"line":10,"column":null}},"3":{"start":{"line":11,"column":2},"end":{"line":11,"column":null}},"4":{"start":{"line":11,"column":11},"end":{"line":11,"column":null}},"5":{"start":{"line":13,"column":17},"end":{"line":13,"column":null}},"6":{"start":{"line":14,"column":18},"end":{"line":14,"column":null}},"7":{"start":{"line":15,"column":14},"end":{"line":15,"column":null}},"8":{"start":{"line":16,"column":2},"end":{"line":16,"column":null}},"9":{"start":{"line":17,"column":2},"end":{"line":17,"column":null}},"10":{"start":{"line":21,"column":13},"end":{"line":21,"column":null}},"11":{"start":{"line":24,"column":13},"end":{"line":24,"column":null}},"12":{"start":{"line":25,"column":2},"end":{"line":25,"column":null}},"13":{"start":{"line":25,"column":13},"end":{"line":25,"column":null}},"14":{"start":{"line":27,"column":2},"end":{"line":29,"column":null}},"15":{"start":{"line":28,"column":4},"end":{"line":28,"column":null}},"16":{"start":{"line":31,"column":17},"end":{"line":31,"column":null}},"17":{"start":{"line":32,"column":20},"end":{"line":32,"column":null}},"18":{"start":{"line":33,"column":20},"end":{"line":37,"column":null}},"19":{"start":{"line":39,"column":2},"end":{"line":39,"column":null}},"20":{"start":{"line":43,"column":27},"end":{"line":43,"column":null}},"21":{"start":{"line":45,"column":21},"end":{"line":47,"column":null}},"22":{"start":{"line":49,"column":2},"end":{"line":200,"column":null}},"23":{"start":{"line":57,"column":25},"end":{"line":57,"column":null}},"24":{"start":{"line":209,"column":2},"end":{"line":219,"column":null}},"25":{"start":{"line":224,"column":2},"end":{"line":241,"column":null}}},"fnMap":{"0":{"name":"downloadPDF","decl":{"start":{"line":6,"column":15},"end":{"line":6,"column":29}},"loc":{"start":{"line":6,"column":29},"end":{"line":18,"column":null}},"line":6},"1":{"name":"loader","decl":{"start":{"line":20,"column":22},"end":{"line":20,"column":29}},"loc":{"start":{"line":20,"column":70},"end":{"line":40,"column":null}},"line":20},"2":{"name":"CertificatePage","decl":{"start":{"line":42,"column":24},"end":{"line":42,"column":42}},"loc":{"start":{"line":42,"column":42},"end":{"line":202,"column":null}},"line":42},"3":{"name":"(anonymous_3)","decl":{"start":{"line":57,"column":10},"end":{"line":57,"column":25}},"loc":{"start":{"line":57,"column":25},"end":{"line":57,"column":null}},"line":57},"4":{"name":"Field","decl":{"start":{"line":204,"column":9},"end":{"line":204,"column":15}},"loc":{"start":{"line":208,"column":3},"end":{"line":221,"column":null}},"line":208},"5":{"name":"CheckRow","decl":{"start":{"line":223,"column":9},"end":{"line":223,"column":18}},"loc":{"start":{"line":223,"column":65},"end":{"line":243,"column":null}},"line":223}},"branchMap":{"0":{"loc":{"start":{"line":11,"column":2},"end":{"line":11,"column":null}},"type":"if","locations":[{"start":{"line":11,"column":2},"end":{"line":11,"column":null}},{"start":{},"end":{}}],"line":11},"1":{"loc":{"start":{"line":21,"column":13},"end":{"line":21,"column":null}},"type":"binary-expr","locations":[{"start":{"line":21,"column":13},"end":{"line":21,"column":26}},{"start":{"line":21,"column":26},"end":{"line":21,"column":null}}],"line":21},"2":{"loc":{"start":{"line":25,"column":2},"end":{"line":25,"column":null}},"type":"if","locations":[{"start":{"line":25,"column":2},"end":{"line":25,"column":null}},{"start":{},"end":{}}],"line":25},"3":{"loc":{"start":{"line":27,"column":2},"end":{"line":29,"column":null}},"type":"if","locations":[{"start":{"line":27,"column":2},"end":{"line":29,"column":null}},{"start":{},"end":{}}],"line":27},"4":{"loc":{"start":{"line":31,"column":17},"end":{"line":31,"column":null}},"type":"binary-expr","locations":[{"start":{"line":31,"column":17},"end":{"line":31,"column":40}},{"start":{"line":31,"column":40},"end":{"line":31,"column":null}}],"line":31},"5":{"loc":{"start":{"line":131,"column":25},"end":{"line":131,"column":null}},"type":"cond-expr","locations":[{"start":{"line":131,"column":46},"end":{"line":131,"column":81}},{"start":{"line":131,"column":81},"end":{"line":131,"column":null}}],"line":131},"6":{"loc":{"start":{"line":148,"column":15},"end":{"line":156,"column":null}},"type":"binary-expr","locations":[{"start":{"line":148,"column":15},"end":{"line":148,"column":null}},{"start":{"line":149,"column":16},"end":{"line":156,"column":null}}],"line":148},"7":{"loc":{"start":{"line":182,"column":11},"end":{"line":190,"column":null}},"type":"binary-expr","locations":[{"start":{"line":182,"column":11},"end":{"line":182,"column":null}},{"start":{"line":183,"column":12},"end":{"line":190,"column":null}}],"line":182},"8":{"loc":{"start":{"line":205,"column":16},"end":{"line":205,"column":30}},"type":"default-arg","locations":[{"start":{"line":205,"column":23},"end":{"line":205,"column":30}}],"line":205},"9":{"loc":{"start":{"line":205,"column":30},"end":{"line":205,"column":null}},"type":"default-arg","locations":[{"start":{"line":205,"column":38},"end":{"line":205,"column":null}}],"line":205},"10":{"loc":{"start":{"line":214,"column":10},"end":{"line":214,"column":null}},"type":"cond-expr","locations":[{"start":{"line":214,"column":17},"end":{"line":214,"column":31}},{"start":{"line":214,"column":31},"end":{"line":214,"column":null}}],"line":214},"11":{"loc":{"start":{"line":215,"column":12},"end":{"line":215,"column":null}},"type":"cond-expr","locations":[{"start":{"line":215,"column":20},"end":{"line":215,"column":32}},{"start":{"line":215,"column":32},"end":{"line":215,"column":null}}],"line":215},"12":{"loc":{"start":{"line":228,"column":10},"end":{"line":228,"column":null}},"type":"cond-expr","locations":[{"start":{"line":228,"column":15},"end":{"line":228,"column":32}},{"start":{"line":228,"column":32},"end":{"line":228,"column":null}}],"line":228},"13":{"loc":{"start":{"line":231,"column":9},"end":{"line":234,"column":null}},"type":"binary-expr","locations":[{"start":{"line":231,"column":9},"end":{"line":231,"column":null}},{"start":{"line":232,"column":10},"end":{"line":234,"column":null}}],"line":231},"14":{"loc":{"start":{"line":237,"column":34},"end":{"line":237,"column":77}},"type":"cond-expr","locations":[{"start":{"line":237,"column":39},"end":{"line":237,"column":57}},{"start":{"line":237,"column":57},"end":{"line":237,"column":77}}],"line":237},"15":{"loc":{"start":{"line":238,"column":54},"end":{"line":238,"column":null}},"type":"cond-expr","locations":[{"start":{"line":238,"column":59},"end":{"line":238,"column":78}},{"start":{"line":238,"column":78},"end":{"line":238,"column":null}}],"line":238},"16":{"loc":{"start":{"line":239,"column":9},"end":{"line":239,"column":null}},"type":"cond-expr","locations":[{"start":{"line":239,"column":14},"end":{"line":239,"column":27}},{"start":{"line":239,"column":27},"end":{"line":239,"column":null}}],"line":239}},"s":{"0":0,"1":0,"2":0,"3":0,"4":0,"5":0,"6":0,"7":0,"8":0,"9":0,"10":3,"11":3,"12":3,"13":2,"14":3,"15":1,"16":2,"17":3,"18":3,"19":2,"20":0,"21":0,"22":0,"23":0,"24":0,"25":0},"f":{"0":0,"1":3,"2":0,"3":0,"4":0,"5":0},"b":{"0":[0,0],"1":[3,0],"2":[2,1],"3":[1,2],"4":[2,0],"5":[0,0],"6":[0,0],"7":[0,0],"8":[0],"9":[0],"10":[0,0],"11":[0,0],"12":[0,0],"13":[0,0],"14":[0,0],"15":[0,0],"16":[0,0]},"meta":{"lastBranch":17,"lastFunction":6,"lastStatement":26,"seen":{"f:6:15:6:29":0,"s:7:35:7:Infinity":0,"s:8:20:8:Infinity":1,"s:10:13:10:Infinity":2,"b:11:2:11:Infinity:undefined:undefined:undefined:undefined":0,"s:11:2:11:Infinity":3,"s:11:11:11:Infinity":4,"s:13:17:13:Infinity":5,"s:14:18:14:Infinity":6,"s:15:14:15:Infinity":7,"s:16:2:16:Infinity":8,"s:17:2:17:Infinity":9,"f:20:22:20:29":1,"s:21:13:21:Infinity":10,"b:21:13:21:26:21:26:21:Infinity":1,"s:24:13:24:Infinity":11,"b:25:2:25:Infinity:undefined:undefined:undefined:undefined":2,"s:25:2:25:Infinity":12,"s:25:13:25:Infinity":13,"b:27:2:29:Infinity:undefined:undefined:undefined:undefined":3,"s:27:2:29:Infinity":14,"s:28:4:28:Infinity":15,"s:31:17:31:Infinity":16,"b:31:17:31:40:31:40:31:Infinity":4,"s:32:20:32:Infinity":17,"s:33:20:37:Infinity":18,"s:39:2:39:Infinity":19,"f:42:24:42:42":2,"s:43:27:43:Infinity":20,"s:45:21:47:Infinity":21,"s:49:2:200:Infinity":22,"f:57:10:57:25":3,"s:57:25:57:Infinity":23,"b:131:46:131:81:131:81:131:Infinity":5,"b:148:15:148:Infinity:149:16:156:Infinity":6,"b:182:11:182:Infinity:183:12:190:Infinity":7,"f:204:9:204:15":4,"b:205:23:205:30":8,"b:205:38:205:Infinity":9,"s:209:2:219:Infinity":24,"b:214:17:214:31:214:31:214:Infinity":10,"b:215:20:215:32:215:32:215:Infinity":11,"f:223:9:223:18":5,"s:224:2:241:Infinity":25,"b:228:15:228:32:228:32:228:Infinity":12,"b:231:9:231:Infinity:232:10:234:Infinity":13,"b:237:39:237:57:237:57:237:77":14,"b:238:59:238:78:238:78:238:Infinity":15,"b:239:14:239:27:239:27:239:Infinity":16}}}
,"C:\\Users\\mtiro\\blchain project\\app\\routes\\verify._index.tsx": {"path":"C:\\Users\\mtiro\\blchain project\\app\\routes\\verify._index.tsx","statementMap":{"0":{"start":{"line":6,"column":14},"end":{"line":6,"column":null}},"1":{"start":{"line":7,"column":14},"end":{"line":7,"column":null}},"2":{"start":{"line":9,"column":2},"end":{"line":9,"column":null}},"3":{"start":{"line":9,"column":10},"end":{"line":9,"column":null}},"4":{"start":{"line":11,"column":13},"end":{"line":11,"column":null}},"5":{"start":{"line":12,"column":2},"end":{"line":12,"column":null}},"6":{"start":{"line":12,"column":13},"end":{"line":12,"column":null}},"7":{"start":{"line":14,"column":18},"end":{"line":19,"column":null}},"8":{"start":{"line":21,"column":2},"end":{"line":21,"column":null}},"9":{"start":{"line":25,"column":19},"end":{"line":25,"column":null}},"10":{"start":{"line":26,"column":8},"end":{"line":26,"column":null}},"11":{"start":{"line":27,"column":21},"end":{"line":27,"column":null}},"12":{"start":{"line":29,"column":2},"end":{"line":124,"column":null}},"13":{"start":{"line":129,"column":2},"end":{"line":146,"column":null}},"14":{"start":{"line":151,"column":2},"end":{"line":155,"column":null}}},"fnMap":{"0":{"name":"loader","decl":{"start":{"line":5,"column":22},"end":{"line":5,"column":29}},"loc":{"start":{"line":5,"column":62},"end":{"line":22,"column":null}},"line":5},"1":{"name":"VerifyIndex","decl":{"start":{"line":24,"column":24},"end":{"line":24,"column":38}},"loc":{"start":{"line":24,"column":38},"end":{"line":126,"column":null}},"line":24},"2":{"name":"DocCheck","decl":{"start":{"line":128,"column":9},"end":{"line":128,"column":18}},"loc":{"start":{"line":128,"column":65},"end":{"line":148,"column":null}},"line":128},"3":{"name":"Row","decl":{"start":{"line":150,"column":9},"end":{"line":150,"column":13}},"loc":{"start":{"line":150,"column":95},"end":{"line":157,"column":null}},"line":150}},"branchMap":{"0":{"loc":{"start":{"line":7,"column":14},"end":{"line":7,"column":null}},"type":"binary-expr","locations":[{"start":{"line":7,"column":14},"end":{"line":7,"column":51}},{"start":{"line":7,"column":51},"end":{"line":7,"column":null}}],"line":7},"1":{"loc":{"start":{"line":9,"column":2},"end":{"line":9,"column":null}},"type":"if","locations":[{"start":{"line":9,"column":2},"end":{"line":9,"column":null}},{"start":{},"end":{}}],"line":9},"2":{"loc":{"start":{"line":12,"column":2},"end":{"line":12,"column":null}},"type":"if","locations":[{"start":{"line":12,"column":2},"end":{"line":12,"column":null}},{"start":{},"end":{}}],"line":12},"3":{"loc":{"start":{"line":14,"column":18},"end":{"line":19,"column":null}},"type":"cond-expr","locations":[{"start":{"line":15,"column":6},"end":{"line":18,"column":null}},{"start":{"line":19,"column":6},"end":{"line":19,"column":null}}],"line":14},"4":{"loc":{"start":{"line":50,"column":11},"end":{"line":50,"column":null}},"type":"cond-expr","locations":[{"start":{"line":50,"column":23},"end":{"line":50,"column":38}},{"start":{"line":50,"column":38},"end":{"line":50,"column":null}}],"line":50},"5":{"loc":{"start":{"line":54,"column":7},"end":{"line":61,"column":null}},"type":"binary-expr","locations":[{"start":{"line":54,"column":7},"end":{"line":54,"column":null}},{"start":{"line":55,"column":8},"end":{"line":61,"column":null}}],"line":54},"6":{"loc":{"start":{"line":64,"column":7},"end":{"line":75,"column":null}},"type":"binary-expr","locations":[{"start":{"line":64,"column":7},"end":{"line":64,"column":12}},{"start":{"line":64,"column":12},"end":{"line":64,"column":null}},{"start":{"line":65,"column":8},"end":{"line":75,"column":null}}],"line":64},"7":{"loc":{"start":{"line":78,"column":7},"end":{"line":122,"column":null}},"type":"binary-expr","locations":[{"start":{"line":78,"column":7},"end":{"line":78,"column":15}},{"start":{"line":78,"column":15},"end":{"line":78,"column":null}},{"start":{"line":79,"column":8},"end":{"line":122,"column":null}}],"line":78},"8":{"loc":{"start":{"line":80,"column":47},"end":{"line":80,"column":null}},"type":"cond-expr","locations":[{"start":{"line":80,"column":68},"end":{"line":80,"column":101}},{"start":{"line":80,"column":101},"end":{"line":80,"column":null}}],"line":80},"9":{"loc":{"start":{"line":82,"column":89},"end":{"line":82,"column":null}},"type":"cond-expr","locations":[{"start":{"line":82,"column":110},"end":{"line":82,"column":127}},{"start":{"line":82,"column":127},"end":{"line":82,"column":null}}],"line":82},"10":{"loc":{"start":{"line":83,"column":17},"end":{"line":90,"column":null}},"type":"cond-expr","locations":[{"start":{"line":84,"column":18},"end":{"line":88,"column":19}},{"start":{"line":88,"column":18},"end":{"line":90,"column":null}}],"line":83},"11":{"loc":{"start":{"line":96,"column":52},"end":{"line":96,"column":null}},"type":"cond-expr","locations":[{"start":{"line":96,"column":73},"end":{"line":96,"column":92}},{"start":{"line":96,"column":92},"end":{"line":96,"column":null}}],"line":96},"12":{"loc":{"start":{"line":97,"column":19},"end":{"line":97,"column":null}},"type":"cond-expr","locations":[{"start":{"line":97,"column":40},"end":{"line":97,"column":75}},{"start":{"line":97,"column":75},"end":{"line":97,"column":null}}],"line":97},"13":{"loc":{"start":{"line":109,"column":11},"end":{"line":120,"column":null}},"type":"binary-expr","locations":[{"start":{"line":109,"column":11},"end":{"line":109,"column":null}},{"start":{"line":110,"column":12},"end":{"line":120,"column":null}}],"line":109},"14":{"loc":{"start":{"line":115,"column":17},"end":{"line":115,"column":null}},"type":"binary-expr","locations":[{"start":{"line":115,"column":17},"end":{"line":115,"column":42}},{"start":{"line":115,"column":42},"end":{"line":115,"column":null}}],"line":115},"15":{"loc":{"start":{"line":130,"column":53},"end":{"line":130,"column":null}},"type":"cond-expr","locations":[{"start":{"line":130,"column":58},"end":{"line":130,"column":91}},{"start":{"line":130,"column":91},"end":{"line":130,"column":null}}],"line":130},"16":{"loc":{"start":{"line":131,"column":94},"end":{"line":131,"column":null}},"type":"cond-expr","locations":[{"start":{"line":131,"column":99},"end":{"line":131,"column":116}},{"start":{"line":131,"column":116},"end":{"line":131,"column":null}}],"line":131},"17":{"loc":{"start":{"line":132,"column":9},"end":{"line":139,"column":null}},"type":"cond-expr","locations":[{"start":{"line":133,"column":10},"end":{"line":137,"column":11}},{"start":{"line":137,"column":10},"end":{"line":139,"column":null}}],"line":132},"18":{"loc":{"start":{"line":143,"column":38},"end":{"line":143,"column":null}},"type":"cond-expr","locations":[{"start":{"line":143,"column":43},"end":{"line":143,"column":62}},{"start":{"line":143,"column":62},"end":{"line":143,"column":null}}],"line":143},"19":{"loc":{"start":{"line":144,"column":9},"end":{"line":144,"column":null}},"type":"cond-expr","locations":[{"start":{"line":144,"column":14},"end":{"line":144,"column":27}},{"start":{"line":144,"column":27},"end":{"line":144,"column":null}}],"line":144},"20":{"loc":{"start":{"line":150,"column":29},"end":{"line":150,"column":95}},"type":"default-arg","locations":[{"start":{"line":150,"column":36},"end":{"line":150,"column":95}}],"line":150},"21":{"loc":{"start":{"line":154,"column":48},"end":{"line":154,"column":84}},"type":"cond-expr","locations":[{"start":{"line":154,"column":55},"end":{"line":154,"column":77}},{"start":{"line":154,"column":77},"end":{"line":154,"column":84}}],"line":154}},"s":{"0":6,"1":6,"2":6,"3":1,"4":5,"5":5,"6":4,"7":5,"8":6,"9":0,"10":0,"11":0,"12":0,"13":0,"14":0},"f":{"0":6,"1":0,"2":0,"3":0},"b":{"0":[6,1],"1":[1,5],"2":[4,1],"3":[2,3],"4":[0,0],"5":[0,0],"6":[0,0,0],"7":[0,0,0],"8":[0,0],"9":[0,0],"10":[0,0],"11":[0,0],"12":[0,0],"13":[0,0],"14":[0,0],"15":[0,0],"16":[0,0],"17":[0,0],"18":[0,0],"19":[0,0],"20":[0],"21":[0,0]},"meta":{"lastBranch":22,"lastFunction":4,"lastStatement":15,"seen":{"f:5:22:5:29":0,"s:6:14:6:Infinity":0,"s:7:14:7:Infinity":1,"b:7:14:7:51:7:51:7:Infinity":0,"b:9:2:9:Infinity:undefined:undefined:undefined:undefined":1,"s:9:2:9:Infinity":2,"s:9:10:9:Infinity":3,"s:11:13:11:Infinity":4,"b:12:2:12:Infinity:undefined:undefined:undefined:undefined":2,"s:12:2:12:Infinity":5,"s:12:13:12:Infinity":6,"s:14:18:19:Infinity":7,"b:15:6:18:Infinity:19:6:19:Infinity":3,"s:21:2:21:Infinity":8,"f:24:24:24:38":1,"s:25:19:25:Infinity":9,"s:26:8:26:Infinity":10,"s:27:21:27:Infinity":11,"s:29:2:124:Infinity":12,"b:50:23:50:38:50:38:50:Infinity":4,"b:54:7:54:Infinity:55:8:61:Infinity":5,"b:64:7:64:12:64:12:64:Infinity:65:8:75:Infinity":6,"b:78:7:78:15:78:15:78:Infinity:79:8:122:Infinity":7,"b:80:68:80:101:80:101:80:Infinity":8,"b:82:110:82:127:82:127:82:Infinity":9,"b:84:18:88:19:88:18:90:Infinity":10,"b:96:73:96:92:96:92:96:Infinity":11,"b:97:40:97:75:97:75:97:Infinity":12,"b:109:11:109:Infinity:110:12:120:Infinity":13,"b:115:17:115:42:115:42:115:Infinity":14,"f:128:9:128:18":2,"s:129:2:146:Infinity":13,"b:130:58:130:91:130:91:130:Infinity":15,"b:131:99:131:116:131:116:131:Infinity":16,"b:133:10:137:11:137:10:139:Infinity":17,"b:143:43:143:62:143:62:143:Infinity":18,"b:144:14:144:27:144:27:144:Infinity":19,"f:150:9:150:13":3,"b:150:36:150:95":20,"s:151:2:155:Infinity":14,"b:154:55:154:77:154:77:154:84":21}}}
,"C:\\Users\\mtiro\\blchain project\\app\\routes\\verify.tsx": {"path":"C:\\Users\\mtiro\\blchain project\\app\\routes\\verify.tsx","statementMap":{"0":{"start":{"line":4,"column":2},"end":{"line":22,"column":null}}},"fnMap":{"0":{"name":"VerifyLayout","decl":{"start":{"line":3,"column":24},"end":{"line":3,"column":39}},"loc":{"start":{"line":3,"column":39},"end":{"line":24,"column":null}},"line":3}},"branchMap":{},"s":{"0":0},"f":{"0":0},"b":{},"meta":{"lastBranch":0,"lastFunction":1,"lastStatement":1,"seen":{"f:3:24:3:39":0,"s:4:2:22:Infinity":0}}}
,"C:\\Users\\mtiro\\blchain project\\app\\utils\\auth.server.ts": {"path":"C:\\Users\\mtiro\\blchain project\\app\\utils\\auth.server.ts","statementMap":{"0":{"start":{"line":6,"column":18},"end":{"line":6,"column":null}},"1":{"start":{"line":7,"column":17},"end":{"line":7,"column":null}},"2":{"start":{"line":8,"column":2},"end":{"line":8,"column":null}},"3":{"start":{"line":8,"column":15},"end":{"line":8,"column":null}},"4":{"start":{"line":9,"column":2},"end":{"line":13,"column":null}},"5":{"start":{"line":10,"column":4},"end":{"line":10,"column":null}},"6":{"start":{"line":12,"column":4},"end":{"line":12,"column":null}},"7":{"start":{"line":17,"column":17},"end":{"line":17,"column":null}},"8":{"start":{"line":18,"column":15},"end":{"line":18,"column":null}},"9":{"start":{"line":19,"column":2},"end":{"line":19,"column":null}},"10":{"start":{"line":19,"column":13},"end":{"line":19,"column":null}},"11":{"start":{"line":20,"column":2},"end":{"line":20,"column":null}},"12":{"start":{"line":24,"column":15},"end":{"line":24,"column":null}},"13":{"start":{"line":25,"column":2},"end":{"line":25,"column":null}},"14":{"start":{"line":25,"column":29},"end":{"line":25,"column":null}},"15":{"start":{"line":26,"column":2},"end":{"line":26,"column":null}},"16":{"start":{"line":30,"column":15},"end":{"line":30,"column":null}},"17":{"start":{"line":31,"column":2},"end":{"line":31,"column":null}},"18":{"start":{"line":31,"column":58},"end":{"line":31,"column":null}},"19":{"start":{"line":32,"column":2},"end":{"line":32,"column":null}},"20":{"start":{"line":36,"column":15},"end":{"line":36,"column":null}},"21":{"start":{"line":37,"column":2},"end":{"line":37,"column":null}},"22":{"start":{"line":37,"column":31},"end":{"line":37,"column":null}},"23":{"start":{"line":38,"column":2},"end":{"line":38,"column":null}}},"fnMap":{"0":{"name":"getUser","decl":{"start":{"line":5,"column":22},"end":{"line":5,"column":30}},"loc":{"start":{"line":5,"column":48},"end":{"line":14,"column":null}},"line":5},"1":{"name":"requireUser","decl":{"start":{"line":16,"column":22},"end":{"line":16,"column":34}},"loc":{"start":{"line":16,"column":52},"end":{"line":21,"column":null}},"line":16},"2":{"name":"requireAdmin","decl":{"start":{"line":23,"column":22},"end":{"line":23,"column":35}},"loc":{"start":{"line":23,"column":53},"end":{"line":27,"column":null}},"line":23},"3":{"name":"requireProfessor","decl":{"start":{"line":29,"column":22},"end":{"line":29,"column":39}},"loc":{"start":{"line":29,"column":57},"end":{"line":33,"column":null}},"line":29},"4":{"name":"requireStudent","decl":{"start":{"line":35,"column":22},"end":{"line":35,"column":37}},"loc":{"start":{"line":35,"column":55},"end":{"line":39,"column":null}},"line":35}},"branchMap":{"0":{"loc":{"start":{"line":8,"column":2},"end":{"line":8,"column":null}},"type":"if","locations":[{"start":{"line":8,"column":2},"end":{"line":8,"column":null}},{"start":{},"end":{}}],"line":8},"1":{"loc":{"start":{"line":19,"column":2},"end":{"line":19,"column":null}},"type":"if","locations":[{"start":{"line":19,"column":2},"end":{"line":19,"column":null}},{"start":{},"end":{}}],"line":19},"2":{"loc":{"start":{"line":25,"column":2},"end":{"line":25,"column":null}},"type":"if","locations":[{"start":{"line":25,"column":2},"end":{"line":25,"column":null}},{"start":{},"end":{}}],"line":25},"3":{"loc":{"start":{"line":31,"column":2},"end":{"line":31,"column":null}},"type":"if","locations":[{"start":{"line":31,"column":2},"end":{"line":31,"column":null}},{"start":{},"end":{}}],"line":31},"4":{"loc":{"start":{"line":31,"column":6},"end":{"line":31,"column":58}},"type":"binary-expr","locations":[{"start":{"line":31,"column":6},"end":{"line":31,"column":35}},{"start":{"line":31,"column":35},"end":{"line":31,"column":58}}],"line":31},"5":{"loc":{"start":{"line":37,"column":2},"end":{"line":37,"column":null}},"type":"if","locations":[{"start":{"line":37,"column":2},"end":{"line":37,"column":null}},{"start":{},"end":{}}],"line":37}},"s":{"0":4,"1":4,"2":4,"3":1,"4":3,"5":3,"6":1,"7":39,"8":33,"9":33,"10":1,"11":32,"12":15,"13":13,"14":13,"15":10,"16":17,"17":15,"18":2,"19":13,"20":4,"21":3,"22":3,"23":1},"f":{"0":4,"1":39,"2":15,"3":17,"4":4},"b":{"0":[1,3],"1":[1,32],"2":[3,10],"3":[2,13],"4":[15,3],"5":[2,1]},"meta":{"lastBranch":6,"lastFunction":5,"lastStatement":24,"seen":{"f:5:22:5:30":0,"s:6:18:6:Infinity":0,"s:7:17:7:Infinity":1,"b:8:2:8:Infinity:undefined:undefined:undefined:undefined":0,"s:8:2:8:Infinity":2,"s:8:15:8:Infinity":3,"s:9:2:13:Infinity":4,"s:10:4:10:Infinity":5,"s:12:4:12:Infinity":6,"f:16:22:16:34":1,"s:17:17:17:Infinity":7,"s:18:15:18:Infinity":8,"b:19:2:19:Infinity:undefined:undefined:undefined:undefined":1,"s:19:2:19:Infinity":9,"s:19:13:19:Infinity":10,"s:20:2:20:Infinity":11,"f:23:22:23:35":2,"s:24:15:24:Infinity":12,"b:25:2:25:Infinity:undefined:undefined:undefined:undefined":2,"s:25:2:25:Infinity":13,"s:25:29:25:Infinity":14,"s:26:2:26:Infinity":15,"f:29:22:29:39":3,"s:30:15:30:Infinity":16,"b:31:2:31:Infinity:undefined:undefined:undefined:undefined":3,"s:31:2:31:Infinity":17,"b:31:6:31:35:31:35:31:58":4,"s:31:58:31:Infinity":18,"s:32:2:32:Infinity":19,"f:35:22:35:37":4,"s:36:15:36:Infinity":20,"b:37:2:37:Infinity:undefined:undefined:undefined:undefined":5,"s:37:2:37:Infinity":21,"s:37:31:37:Infinity":22,"s:38:2:38:Infinity":23}}}
,"C:\\Users\\mtiro\\blchain project\\app\\utils\\blockchain.server.ts": {"path":"C:\\Users\\mtiro\\blchain project\\app\\utils\\blockchain.server.ts","statementMap":{"0":{"start":{"line":3,"column":12},"end":{"line":10,"column":null}},"1":{"start":{"line":13,"column":17},"end":{"line":13,"column":null}},"2":{"start":{"line":14,"column":21},"end":{"line":14,"column":null}},"3":{"start":{"line":15,"column":26},"end":{"line":15,"column":null}},"4":{"start":{"line":17,"column":2},"end":{"line":21,"column":null}},"5":{"start":{"line":18,"column":4},"end":{"line":20,"column":null}},"6":{"start":{"line":23,"column":19},"end":{"line":23,"column":null}},"7":{"start":{"line":24,"column":17},"end":{"line":24,"column":null}},"8":{"start":{"line":25,"column":2},"end":{"line":25,"column":null}},"9":{"start":{"line":33,"column":19},"end":{"line":33,"column":null}},"10":{"start":{"line":34,"column":13},"end":{"line":34,"column":null}},"11":{"start":{"line":35,"column":18},"end":{"line":35,"column":null}},"12":{"start":{"line":36,"column":2},"end":{"line":36,"column":null}},"13":{"start":{"line":44,"column":19},"end":{"line":44,"column":null}},"14":{"start":{"line":45,"column":2},"end":{"line":45,"column":null}},"15":{"start":{"line":52,"column":19},"end":{"line":52,"column":null}},"16":{"start":{"line":53,"column":13},"end":{"line":53,"column":null}},"17":{"start":{"line":54,"column":18},"end":{"line":54,"column":null}},"18":{"start":{"line":55,"column":2},"end":{"line":55,"column":null}},"19":{"start":{"line":61,"column":19},"end":{"line":61,"column":null}},"20":{"start":{"line":62,"column":2},"end":{"line":62,"column":null}},"21":{"start":{"line":66,"column":2},"end":{"line":73,"column":null}},"22":{"start":{"line":67,"column":19},"end":{"line":67,"column":null}},"23":{"start":{"line":68,"column":21},"end":{"line":68,"column":null}},"24":{"start":{"line":69,"column":4},"end":{"line":69,"column":null}},"25":{"start":{"line":70,"column":4},"end":{"line":70,"column":null}},"26":{"start":{"line":72,"column":4},"end":{"line":72,"column":null}}},"fnMap":{"0":{"name":"getContract","decl":{"start":{"line":12,"column":9},"end":{"line":12,"column":23}},"loc":{"start":{"line":12,"column":23},"end":{"line":26,"column":null}},"line":12},"1":{"name":"storeDocumentHash","decl":{"start":{"line":28,"column":22},"end":{"line":28,"column":null}},"loc":{"start":{"line":32,"column":19},"end":{"line":37,"column":null}},"line":32},"2":{"name":"verifyDocumentHash","decl":{"start":{"line":39,"column":22},"end":{"line":39,"column":null}},"loc":{"start":{"line":43,"column":20},"end":{"line":46,"column":null}},"line":43},"3":{"name":"recordVerificationOnChain","decl":{"start":{"line":48,"column":22},"end":{"line":48,"column":null}},"loc":{"start":{"line":51,"column":19},"end":{"line":56,"column":null}},"line":51},"4":{"name":"lookupVerificationOnChain","decl":{"start":{"line":58,"column":22},"end":{"line":58,"column":null}},"loc":{"start":{"line":60,"column":19},"end":{"line":63,"column":null}},"line":60},"5":{"name":"isBlockchainAvailable","decl":{"start":{"line":65,"column":22},"end":{"line":65,"column":64}},"loc":{"start":{"line":65,"column":64},"end":{"line":74,"column":null}},"line":65}},"branchMap":{"0":{"loc":{"start":{"line":13,"column":17},"end":{"line":13,"column":null}},"type":"binary-expr","locations":[{"start":{"line":13,"column":17},"end":{"line":13,"column":51}},{"start":{"line":13,"column":51},"end":{"line":13,"column":null}}],"line":13},"1":{"loc":{"start":{"line":17,"column":2},"end":{"line":21,"column":null}},"type":"if","locations":[{"start":{"line":17,"column":2},"end":{"line":21,"column":null}},{"start":{},"end":{}}],"line":17},"2":{"loc":{"start":{"line":17,"column":6},"end":{"line":17,"column":39}},"type":"binary-expr","locations":[{"start":{"line":17,"column":6},"end":{"line":17,"column":21}},{"start":{"line":17,"column":21},"end":{"line":17,"column":39}}],"line":17},"3":{"loc":{"start":{"line":67,"column":19},"end":{"line":67,"column":null}},"type":"binary-expr","locations":[{"start":{"line":67,"column":19},"end":{"line":67,"column":53}},{"start":{"line":67,"column":53},"end":{"line":67,"column":null}}],"line":67}},"s":{"0":1,"1":11,"2":11,"3":11,"4":11,"5":2,"6":9,"7":9,"8":9,"9":5,"10":5,"11":2,"12":2,"13":3,"14":3,"15":1,"16":1,"17":1,"18":1,"19":2,"20":2,"21":3,"22":3,"23":3,"24":3,"25":1,"26":2},"f":{"0":11,"1":5,"2":3,"3":1,"4":2,"5":3},"b":{"0":[11,0],"1":[2,9],"2":[11,10],"3":[3,0]},"meta":{"lastBranch":4,"lastFunction":6,"lastStatement":27,"seen":{"s:3:12:10:Infinity":0,"f:12:9:12:23":0,"s:13:17:13:Infinity":1,"b:13:17:13:51:13:51:13:Infinity":0,"s:14:21:14:Infinity":2,"s:15:26:15:Infinity":3,"b:17:2:21:Infinity:undefined:undefined:undefined:undefined":1,"s:17:2:21:Infinity":4,"b:17:6:17:21:17:21:17:39":2,"s:18:4:20:Infinity":5,"s:23:19:23:Infinity":6,"s:24:17:24:Infinity":7,"s:25:2:25:Infinity":8,"f:28:22:28:Infinity":1,"s:33:19:33:Infinity":9,"s:34:13:34:Infinity":10,"s:35:18:35:Infinity":11,"s:36:2:36:Infinity":12,"f:39:22:39:Infinity":2,"s:44:19:44:Infinity":13,"s:45:2:45:Infinity":14,"f:48:22:48:Infinity":3,"s:52:19:52:Infinity":15,"s:53:13:53:Infinity":16,"s:54:18:54:Infinity":17,"s:55:2:55:Infinity":18,"f:58:22:58:Infinity":4,"s:61:19:61:Infinity":19,"s:62:2:62:Infinity":20,"f:65:22:65:64":5,"s:66:2:73:Infinity":21,"s:67:19:67:Infinity":22,"b:67:19:67:53:67:53:67:Infinity":3,"s:68:21:68:Infinity":23,"s:69:4:69:Infinity":24,"s:70:4:70:Infinity":25,"s:72:4:72:Infinity":26}}}
,"C:\\Users\\mtiro\\blchain project\\app\\utils\\db.server.ts": {"path":"C:\\Users\\mtiro\\blchain project\\app\\utils\\db.server.ts","statementMap":{"0":{"start":{"line":10,"column":0},"end":{"line":17,"column":null}},"1":{"start":{"line":11,"column":2},"end":{"line":11,"column":null}},"2":{"start":{"line":13,"column":2},"end":{"line":15,"column":null}},"3":{"start":{"line":14,"column":4},"end":{"line":14,"column":null}},"4":{"start":{"line":16,"column":2},"end":{"line":16,"column":null}}},"fnMap":{},"branchMap":{"0":{"loc":{"start":{"line":10,"column":0},"end":{"line":17,"column":null}},"type":"if","locations":[{"start":{"line":10,"column":0},"end":{"line":17,"column":null}},{"start":{"line":12,"column":7},"end":{"line":17,"column":null}}],"line":10},"1":{"loc":{"start":{"line":13,"column":2},"end":{"line":15,"column":null}},"type":"if","locations":[{"start":{"line":13,"column":2},"end":{"line":15,"column":null}},{"start":{},"end":{}}],"line":13}},"s":{"0":0,"1":0,"2":0,"3":0,"4":0},"f":{},"b":{"0":[0,0],"1":[0,0]},"meta":{"lastBranch":2,"lastFunction":0,"lastStatement":5,"seen":{"b:10:0:17:Infinity:12:7:17:Infinity":0,"s:10:0:17:Infinity":0,"s:11:2:11:Infinity":1,"b:13:2:15:Infinity:undefined:undefined:undefined:undefined":1,"s:13:2:15:Infinity":2,"s:14:4:14:Infinity":3,"s:16:2:16:Infinity":4}}}
,"C:\\Users\\mtiro\\blchain project\\app\\utils\\session.server.ts": {"path":"C:\\Users\\mtiro\\blchain project\\app\\utils\\session.server.ts","statementMap":{"0":{"start":{"line":3,"column":22},"end":{"line":3,"column":null}},"1":{"start":{"line":4,"column":0},"end":{"line":4,"column":null}},"2":{"start":{"line":4,"column":20},"end":{"line":4,"column":null}},"3":{"start":{"line":6,"column":13},"end":{"line":16,"column":null}},"4":{"start":{"line":19,"column":2},"end":{"line":19,"column":null}},"5":{"start":{"line":23,"column":18},"end":{"line":23,"column":null}},"6":{"start":{"line":24,"column":17},"end":{"line":24,"column":null}},"7":{"start":{"line":25,"column":2},"end":{"line":25,"column":null}},"8":{"start":{"line":25,"column":45},"end":{"line":25,"column":null}},"9":{"start":{"line":26,"column":2},"end":{"line":26,"column":null}},"10":{"start":{"line":30,"column":18},"end":{"line":30,"column":null}},"11":{"start":{"line":31,"column":2},"end":{"line":31,"column":null}},"12":{"start":{"line":38,"column":17},"end":{"line":38,"column":null}},"13":{"start":{"line":39,"column":2},"end":{"line":39,"column":null}},"14":{"start":{"line":39,"column":15},"end":{"line":39,"column":null}},"15":{"start":{"line":40,"column":2},"end":{"line":40,"column":null}},"16":{"start":{"line":48,"column":18},"end":{"line":48,"column":null}},"17":{"start":{"line":49,"column":2},"end":{"line":49,"column":null}},"18":{"start":{"line":50,"column":2},"end":{"line":50,"column":null}},"19":{"start":{"line":51,"column":2},"end":{"line":53,"column":null}},"20":{"start":{"line":57,"column":18},"end":{"line":57,"column":null}},"21":{"start":{"line":58,"column":2},"end":{"line":60,"column":null}}},"fnMap":{"0":{"name":"getUserSession","decl":{"start":{"line":18,"column":22},"end":{"line":18,"column":37}},"loc":{"start":{"line":18,"column":55},"end":{"line":20,"column":null}},"line":18},"1":{"name":"getUserId","decl":{"start":{"line":22,"column":22},"end":{"line":22,"column":32}},"loc":{"start":{"line":22,"column":74},"end":{"line":27,"column":null}},"line":22},"2":{"name":"getUserRole","decl":{"start":{"line":29,"column":22},"end":{"line":29,"column":34}},"loc":{"start":{"line":29,"column":76},"end":{"line":32,"column":null}},"line":29},"3":{"name":"requireUserId","decl":{"start":{"line":34,"column":22},"end":{"line":34,"column":null}},"loc":{"start":{"line":37,"column":19},"end":{"line":41,"column":null}},"line":37},"4":{"name":"createUserSession","decl":{"start":{"line":43,"column":22},"end":{"line":43,"column":null}},"loc":{"start":{"line":47,"column":2},"end":{"line":54,"column":null}},"line":47},"5":{"name":"logout","decl":{"start":{"line":56,"column":22},"end":{"line":56,"column":29}},"loc":{"start":{"line":56,"column":47},"end":{"line":61,"column":null}},"line":56}},"branchMap":{"0":{"loc":{"start":{"line":4,"column":0},"end":{"line":4,"column":null}},"type":"if","locations":[{"start":{"line":4,"column":0},"end":{"line":4,"column":null}},{"start":{},"end":{}}],"line":4},"1":{"loc":{"start":{"line":25,"column":2},"end":{"line":25,"column":null}},"type":"if","locations":[{"start":{"line":25,"column":2},"end":{"line":25,"column":null}},{"start":{},"end":{}}],"line":25},"2":{"loc":{"start":{"line":25,"column":6},"end":{"line":25,"column":45}},"type":"binary-expr","locations":[{"start":{"line":25,"column":6},"end":{"line":25,"column":17}},{"start":{"line":25,"column":17},"end":{"line":25,"column":45}}],"line":25},"3":{"loc":{"start":{"line":31,"column":9},"end":{"line":31,"column":null}},"type":"binary-expr","locations":[{"start":{"line":31,"column":9},"end":{"line":31,"column":32}},{"start":{"line":31,"column":32},"end":{"line":31,"column":null}}],"line":31},"4":{"loc":{"start":{"line":36,"column":2},"end":{"line":36,"column":null}},"type":"default-arg","locations":[{"start":{"line":36,"column":15},"end":{"line":36,"column":null}}],"line":36},"5":{"loc":{"start":{"line":39,"column":2},"end":{"line":39,"column":null}},"type":"if","locations":[{"start":{"line":39,"column":2},"end":{"line":39,"column":null}},{"start":{},"end":{}}],"line":39}},"s":{"0":6,"1":6,"2":0,"3":6,"4":56,"5":47,"6":47,"7":47,"8":11,"9":36,"10":3,"11":3,"12":42,"13":42,"14":8,"15":34,"16":2,"17":2,"18":2,"19":2,"20":0,"21":0},"f":{"0":56,"1":47,"2":3,"3":42,"4":2,"5":0},"b":{"0":[0,6],"1":[11,36],"2":[47,36],"3":[3,1],"4":[42],"5":[8,34]},"meta":{"lastBranch":6,"lastFunction":6,"lastStatement":22,"seen":{"s:3:22:3:Infinity":0,"b:4:0:4:Infinity:undefined:undefined:undefined:undefined":0,"s:4:0:4:Infinity":1,"s:4:20:4:Infinity":2,"s:6:13:16:Infinity":3,"f:18:22:18:37":0,"s:19:2:19:Infinity":4,"f:22:22:22:32":1,"s:23:18:23:Infinity":5,"s:24:17:24:Infinity":6,"b:25:2:25:Infinity:undefined:undefined:undefined:undefined":1,"s:25:2:25:Infinity":7,"b:25:6:25:17:25:17:25:45":2,"s:25:45:25:Infinity":8,"s:26:2:26:Infinity":9,"f:29:22:29:34":2,"s:30:18:30:Infinity":10,"s:31:2:31:Infinity":11,"b:31:9:31:32:31:32:31:Infinity":3,"f:34:22:34:Infinity":3,"b:36:15:36:Infinity":4,"s:38:17:38:Infinity":12,"b:39:2:39:Infinity:undefined:undefined:undefined:undefined":5,"s:39:2:39:Infinity":13,"s:39:15:39:Infinity":14,"s:40:2:40:Infinity":15,"f:43:22:43:Infinity":4,"s:48:18:48:Infinity":16,"s:49:2:49:Infinity":17,"s:50:2:50:Infinity":18,"s:51:2:53:Infinity":19,"f:56:22:56:29":5,"s:57:18:57:Infinity":20,"s:58:2:60:Infinity":21}}}
}
